Performing C SOURCE FILE Test CMAKE_HAVE_LIBC_PTHREAD failed with the following output:
Change Dir: /Users/ignacioestrada/game_design/skipclass_studios/build/android/PolarPairs/app/.cxx/Debug/1y5j1lf6/x86/CMakeFiles/CMakeTmp

Run Build Command(s):/Users/ignacioestrada/Library/Android/sdk/cmake/3.22.1/bin/ninja cmTC_e66b5 && [1/2] Building C object CMakeFiles/cmTC_e66b5.dir/src.c.o
/Users/ignacioestrada/game_design/skipclass_studios/build/android/PolarPairs/app/.cxx/Debug/1y5j1lf6/x86/CMakeFiles/CMakeTmp/src.c:13:3: warning: implicit declaration of function 'pthread_cancel' is invalid in C99 [-Wimplicit-function-declaration]
  pthread_cancel(thread);
  ^
1 warning generated.
[2/2] Linking C executable cmTC_e66b5
FAILED: cmTC_e66b5 
: && /Users/ignacioestrada/Library/Android/sdk/ndk/25.1.8937393/toolchains/llvm/prebuilt/darwin-x86_64/bin/clang --target=i686-none-linux-android26 --sysroot=/Users/ignacioestrada/Library/Android/sdk/ndk/25.1.8937393/toolchains/llvm/prebuilt/darwin-x86_64/sysroot -g -DANDROID -fdata-sections -ffunction-sections -funwind-tables -fstack-protector-strong -no-canonical-prefixes -D_FORTIFY_SOURCE=2 -Wformat -Werror=format-security -static-libstdc++ -Wl,--build-id=sha1 -Wl,--no-rosegment -Wl,--fatal-warnings -Wl,--gc-sections -Wl,--no-undefined -Qunused-arguments -Wl,--gc-sections CMakeFiles/cmTC_e66b5.dir/src.c.o -o cmTC_e66b5  -latomic -lm && :
ld: error: undefined symbol: pthread_cancel
>>> referenced by src.c:13
>>>               CMakeFiles/cmTC_e66b5.dir/src.c.o:(main)
clang: error: linker command failed with exit code 1 (use -v to see invocation)
ninja: build stopped: subcommand failed.


Source file was:
#include <pthread.h>

static void* test_func(void* data)
{
  return data;
}

int main(void)
{
  pthread_t thread;
  pthread_create(&thread, NULL, test_func, NULL);
  pthread_detach(thread);
  pthread_cancel(thread);
  pthread_join(thread, NULL);
  pthread_atfork(NULL, NULL, NULL);
  pthread_exit(NULL);

  return 0;
}

Performing C SOURCE FILE Test have_sa_len failed with the following output:
Change Dir: /Users/ignacioestrada/game_design/skipclass_studios/build/android/PolarPairs/app/.cxx/Debug/1y5j1lf6/x86/CMakeFiles/CMakeTmp

Run Build Command(s):/Users/ignacioestrada/Library/Android/sdk/cmake/3.22.1/bin/ninja cmTC_e77a3 && [1/2] Building C object CMakeFiles/cmTC_e77a3.dir/src.c.o
FAILED: CMakeFiles/cmTC_e77a3.dir/src.c.o 
/Users/ignacioestrada/Library/Android/sdk/ndk/25.1.8937393/toolchains/llvm/prebuilt/darwin-x86_64/bin/clang --target=i686-none-linux-android26 --sysroot=/Users/ignacioestrada/Library/Android/sdk/ndk/25.1.8937393/toolchains/llvm/prebuilt/darwin-x86_64/sysroot -Dhave_sa_len -I/Users/ignacioestrada/game_design/cugl/buildfiles/cmake/external/libdatachannel/../../../../external/libdatachannel/deps/usrsctp/usrsctplib -fPIC  -fPIE -MD -MT CMakeFiles/cmTC_e77a3.dir/src.c.o -MF CMakeFiles/cmTC_e77a3.dir/src.c.o.d -o CMakeFiles/cmTC_e77a3.dir/src.c.o -c /Users/ignacioestrada/game_design/skipclass_studios/build/android/PolarPairs/app/.cxx/Debug/1y5j1lf6/x86/CMakeFiles/CMakeTmp/src.c
/Users/ignacioestrada/game_design/skipclass_studios/build/android/PolarPairs/app/.cxx/Debug/1y5j1lf6/x86/CMakeFiles/CMakeTmp/src.c:7:40: error: no member named 'sa_len' in 'struct sockaddr'
  (void)sizeof(((struct sockaddr *)0)->sa_len);
               ~~~~~~~~~~~~~~~~~~~~~~  ^
1 error generated.
ninja: build stopped: subcommand failed.


Source file was:

#include <sys/types.h>
#include <sys/socket.h>

int main()
{
  (void)sizeof(((struct sockaddr *)0)->sa_len);
  return 0;
}

Performing C SOURCE FILE Test have_sin_len failed with the following output:
Change Dir: /Users/ignacioestrada/game_design/skipclass_studios/build/android/PolarPairs/app/.cxx/Debug/1y5j1lf6/x86/CMakeFiles/CMakeTmp

Run Build Command(s):/Users/ignacioestrada/Library/Android/sdk/cmake/3.22.1/bin/ninja cmTC_625d4 && [1/2] Building C object CMakeFiles/cmTC_625d4.dir/src.c.o
FAILED: CMakeFiles/cmTC_625d4.dir/src.c.o 
/Users/ignacioestrada/Library/Android/sdk/ndk/25.1.8937393/toolchains/llvm/prebuilt/darwin-x86_64/bin/clang --target=i686-none-linux-android26 --sysroot=/Users/ignacioestrada/Library/Android/sdk/ndk/25.1.8937393/toolchains/llvm/prebuilt/darwin-x86_64/sysroot -Dhave_sin_len -I/Users/ignacioestrada/game_design/cugl/buildfiles/cmake/external/libdatachannel/../../../../external/libdatachannel/deps/usrsctp/usrsctplib -fPIC  -fPIE -MD -MT CMakeFiles/cmTC_625d4.dir/src.c.o -MF CMakeFiles/cmTC_625d4.dir/src.c.o.d -o CMakeFiles/cmTC_625d4.dir/src.c.o -c /Users/ignacioestrada/game_design/skipclass_studios/build/android/PolarPairs/app/.cxx/Debug/1y5j1lf6/x86/CMakeFiles/CMakeTmp/src.c
/Users/ignacioestrada/game_design/skipclass_studios/build/android/PolarPairs/app/.cxx/Debug/1y5j1lf6/x86/CMakeFiles/CMakeTmp/src.c:7:43: error: no member named 'sin_len' in 'struct sockaddr_in'
  (void)sizeof(((struct sockaddr_in *)0)->sin_len);
               ~~~~~~~~~~~~~~~~~~~~~~~~~  ^
1 error generated.
ninja: build stopped: subcommand failed.


Source file was:

#include <sys/types.h>
#include <netinet/in.h>

int main()
{
  (void)sizeof(((struct sockaddr_in *)0)->sin_len);
  return 0;
}

Performing C SOURCE FILE Test have_sin6_len failed with the following output:
Change Dir: /Users/ignacioestrada/game_design/skipclass_studios/build/android/PolarPairs/app/.cxx/Debug/1y5j1lf6/x86/CMakeFiles/CMakeTmp

Run Build Command(s):/Users/ignacioestrada/Library/Android/sdk/cmake/3.22.1/bin/ninja cmTC_79647 && [1/2] Building C object CMakeFiles/cmTC_79647.dir/src.c.o
FAILED: CMakeFiles/cmTC_79647.dir/src.c.o 
/Users/ignacioestrada/Library/Android/sdk/ndk/25.1.8937393/toolchains/llvm/prebuilt/darwin-x86_64/bin/clang --target=i686-none-linux-android26 --sysroot=/Users/ignacioestrada/Library/Android/sdk/ndk/25.1.8937393/toolchains/llvm/prebuilt/darwin-x86_64/sysroot -Dhave_sin6_len -I/Users/ignacioestrada/game_design/cugl/buildfiles/cmake/external/libdatachannel/../../../../external/libdatachannel/deps/usrsctp/usrsctplib -fPIC  -fPIE -MD -MT CMakeFiles/cmTC_79647.dir/src.c.o -MF CMakeFiles/cmTC_79647.dir/src.c.o.d -o CMakeFiles/cmTC_79647.dir/src.c.o -c /Users/ignacioestrada/game_design/skipclass_studios/build/android/PolarPairs/app/.cxx/Debug/1y5j1lf6/x86/CMakeFiles/CMakeTmp/src.c
/Users/ignacioestrada/game_design/skipclass_studios/build/android/PolarPairs/app/.cxx/Debug/1y5j1lf6/x86/CMakeFiles/CMakeTmp/src.c:7:44: error: no member named 'sin6_len' in 'struct sockaddr_in6'
  (void)sizeof(((struct sockaddr_in6 *)0)->sin6_len);
               ~~~~~~~~~~~~~~~~~~~~~~~~~~  ^
1 error generated.
ninja: build stopped: subcommand failed.


Source file was:

#include <sys/types.h>
#include <netinet/in.h>

int main()
{
  (void)sizeof(((struct sockaddr_in6 *)0)->sin6_len);
  return 0;
}

Performing C SOURCE FILE Test have_sconn_len failed with the following output:
Change Dir: /Users/ignacioestrada/game_design/skipclass_studios/build/android/PolarPairs/app/.cxx/Debug/1y5j1lf6/x86/CMakeFiles/CMakeTmp

Run Build Command(s):/Users/ignacioestrada/Library/Android/sdk/cmake/3.22.1/bin/ninja cmTC_0ad92 && [1/2] Building C object CMakeFiles/cmTC_0ad92.dir/src.c.o
FAILED: CMakeFiles/cmTC_0ad92.dir/src.c.o 
/Users/ignacioestrada/Library/Android/sdk/ndk/25.1.8937393/toolchains/llvm/prebuilt/darwin-x86_64/bin/clang --target=i686-none-linux-android26 --sysroot=/Users/ignacioestrada/Library/Android/sdk/ndk/25.1.8937393/toolchains/llvm/prebuilt/darwin-x86_64/sysroot -Dhave_sconn_len -I/Users/ignacioestrada/game_design/cugl/buildfiles/cmake/external/libdatachannel/../../../../external/libdatachannel/deps/usrsctp/usrsctplib -fPIC  -fPIE -MD -MT CMakeFiles/cmTC_0ad92.dir/src.c.o -MF CMakeFiles/cmTC_0ad92.dir/src.c.o.d -o CMakeFiles/cmTC_0ad92.dir/src.c.o -c /Users/ignacioestrada/game_design/skipclass_studios/build/android/PolarPairs/app/.cxx/Debug/1y5j1lf6/x86/CMakeFiles/CMakeTmp/src.c
/Users/ignacioestrada/game_design/skipclass_studios/build/android/PolarPairs/app/.cxx/Debug/1y5j1lf6/x86/CMakeFiles/CMakeTmp/src.c:6:45: error: no member named 'sconn_len' in 'struct sockaddr_conn'
  (void)sizeof(((struct sockaddr_conn *)0)->sconn_len);
               ~~~~~~~~~~~~~~~~~~~~~~~~~~~  ^
1 error generated.
ninja: build stopped: subcommand failed.


Source file was:

#include <usrsctp.h>

int main()
{
  (void)sizeof(((struct sockaddr_conn *)0)->sconn_len);
  return 0;
}

Determining if the include file machine/types.h exists failed with the following output:
Change Dir: /Users/ignacioestrada/game_design/skipclass_studios/build/android/PolarPairs/app/.cxx/Debug/1y5j1lf6/x86/CMakeFiles/CMakeTmp

Run Build Command(s):/Users/ignacioestrada/Library/Android/sdk/cmake/3.22.1/bin/ninja cmTC_ce891 && [1/2] Building C object CMakeFiles/cmTC_ce891.dir/CheckIncludeFile.c.o
FAILED: CMakeFiles/cmTC_ce891.dir/CheckIncludeFile.c.o 
/Users/ignacioestrada/Library/Android/sdk/ndk/25.1.8937393/toolchains/llvm/prebuilt/darwin-x86_64/bin/clang --target=i686-none-linux-android26 --sysroot=/Users/ignacioestrada/Library/Android/sdk/ndk/25.1.8937393/toolchains/llvm/prebuilt/darwin-x86_64/sysroot   -fPIC  -fPIE -MD -MT CMakeFiles/cmTC_ce891.dir/CheckIncludeFile.c.o -MF CMakeFiles/cmTC_ce891.dir/CheckIncludeFile.c.o.d -o CMakeFiles/cmTC_ce891.dir/CheckIncludeFile.c.o -c /Users/ignacioestrada/game_design/skipclass_studios/build/android/PolarPairs/app/.cxx/Debug/1y5j1lf6/x86/CMakeFiles/CMakeTmp/CheckIncludeFile.c
/Users/ignacioestrada/game_design/skipclass_studios/build/android/PolarPairs/app/.cxx/Debug/1y5j1lf6/x86/CMakeFiles/CMakeTmp/CheckIncludeFile.c:1:10: fatal error: 'machine/types.h' file not found
#include <machine/types.h>
         ^~~~~~~~~~~~~~~~~
1 error generated.
ninja: build stopped: subcommand failed.



Determining if the include file sys/int_types.h exists failed with the following output:
Change Dir: /Users/ignacioestrada/game_design/skipclass_studios/build/android/PolarPairs/app/.cxx/Debug/1y5j1lf6/x86/CMakeFiles/CMakeTmp

Run Build Command(s):/Users/ignacioestrada/Library/Android/sdk/cmake/3.22.1/bin/ninja cmTC_bebaa && [1/2] Building C object CMakeFiles/cmTC_bebaa.dir/CheckIncludeFile.c.o
FAILED: CMakeFiles/cmTC_bebaa.dir/CheckIncludeFile.c.o 
/Users/ignacioestrada/Library/Android/sdk/ndk/25.1.8937393/toolchains/llvm/prebuilt/darwin-x86_64/bin/clang --target=i686-none-linux-android26 --sysroot=/Users/ignacioestrada/Library/Android/sdk/ndk/25.1.8937393/toolchains/llvm/prebuilt/darwin-x86_64/sysroot   -fPIC  -fPIE -MD -MT CMakeFiles/cmTC_bebaa.dir/CheckIncludeFile.c.o -MF CMakeFiles/cmTC_bebaa.dir/CheckIncludeFile.c.o.d -o CMakeFiles/cmTC_bebaa.dir/CheckIncludeFile.c.o -c /Users/ignacioestrada/game_design/skipclass_studios/build/android/PolarPairs/app/.cxx/Debug/1y5j1lf6/x86/CMakeFiles/CMakeTmp/CheckIncludeFile.c
/Users/ignacioestrada/game_design/skipclass_studios/build/android/PolarPairs/app/.cxx/Debug/1y5j1lf6/x86/CMakeFiles/CMakeTmp/CheckIncludeFile.c:1:10: fatal error: 'sys/int_types.h' file not found
#include <sys/int_types.h>
         ^~~~~~~~~~~~~~~~~
1 error generated.
ninja: build stopped: subcommand failed.



Determining if the include file windows.h exists failed with the following output:
Change Dir: /Users/ignacioestrada/game_design/skipclass_studios/build/android/PolarPairs/app/.cxx/Debug/1y5j1lf6/x86/CMakeFiles/CMakeTmp

Run Build Command(s):/Users/ignacioestrada/Library/Android/sdk/cmake/3.22.1/bin/ninja cmTC_e9daf && [1/2] Building C object CMakeFiles/cmTC_e9daf.dir/CheckIncludeFile.c.o
FAILED: CMakeFiles/cmTC_e9daf.dir/CheckIncludeFile.c.o 
/Users/ignacioestrada/Library/Android/sdk/ndk/25.1.8937393/toolchains/llvm/prebuilt/darwin-x86_64/bin/clang --target=i686-none-linux-android26 --sysroot=/Users/ignacioestrada/Library/Android/sdk/ndk/25.1.8937393/toolchains/llvm/prebuilt/darwin-x86_64/sysroot   -fPIC  -fPIE -MD -MT CMakeFiles/cmTC_e9daf.dir/CheckIncludeFile.c.o -MF CMakeFiles/cmTC_e9daf.dir/CheckIncludeFile.c.o.d -o CMakeFiles/cmTC_e9daf.dir/CheckIncludeFile.c.o -c /Users/ignacioestrada/game_design/skipclass_studios/build/android/PolarPairs/app/.cxx/Debug/1y5j1lf6/x86/CMakeFiles/CMakeTmp/CheckIncludeFile.c
/Users/ignacioestrada/game_design/skipclass_studios/build/android/PolarPairs/app/.cxx/Debug/1y5j1lf6/x86/CMakeFiles/CMakeTmp/CheckIncludeFile.c:1:10: fatal error: 'windows.h' file not found
#include <windows.h>
         ^~~~~~~~~~~
1 error generated.
ninja: build stopped: subcommand failed.



Determining if the include file winsock2.h exists failed with the following output:
Change Dir: /Users/ignacioestrada/game_design/skipclass_studios/build/android/PolarPairs/app/.cxx/Debug/1y5j1lf6/x86/CMakeFiles/CMakeTmp

Run Build Command(s):/Users/ignacioestrada/Library/Android/sdk/cmake/3.22.1/bin/ninja cmTC_1bc9d && [1/2] Building C object CMakeFiles/cmTC_1bc9d.dir/CheckIncludeFile.c.o
FAILED: CMakeFiles/cmTC_1bc9d.dir/CheckIncludeFile.c.o 
/Users/ignacioestrada/Library/Android/sdk/ndk/25.1.8937393/toolchains/llvm/prebuilt/darwin-x86_64/bin/clang --target=i686-none-linux-android26 --sysroot=/Users/ignacioestrada/Library/Android/sdk/ndk/25.1.8937393/toolchains/llvm/prebuilt/darwin-x86_64/sysroot   -fPIC  -fPIE -MD -MT CMakeFiles/cmTC_1bc9d.dir/CheckIncludeFile.c.o -MF CMakeFiles/cmTC_1bc9d.dir/CheckIncludeFile.c.o.d -o CMakeFiles/cmTC_1bc9d.dir/CheckIncludeFile.c.o -c /Users/ignacioestrada/game_design/skipclass_studios/build/android/PolarPairs/app/.cxx/Debug/1y5j1lf6/x86/CMakeFiles/CMakeTmp/CheckIncludeFile.c
/Users/ignacioestrada/game_design/skipclass_studios/build/android/PolarPairs/app/.cxx/Debug/1y5j1lf6/x86/CMakeFiles/CMakeTmp/CheckIncludeFile.c:1:10: fatal error: 'winsock2.h' file not found
#include <winsock2.h>
         ^~~~~~~~~~~~
1 error generated.
ninja: build stopped: subcommand failed.



Determining if the __GLIBC__ exist failed with the following output:
Change Dir: /Users/ignacioestrada/game_design/skipclass_studios/build/android/PolarPairs/app/.cxx/Debug/1y5j1lf6/x86/CMakeFiles/CMakeTmp

Run Build Command(s):/Users/ignacioestrada/Library/Android/sdk/cmake/3.22.1/bin/ninja cmTC_1c19e && [1/2] Building C object CMakeFiles/cmTC_1c19e.dir/CheckSymbolExists.c.o
FAILED: CMakeFiles/cmTC_1c19e.dir/CheckSymbolExists.c.o 
/Users/ignacioestrada/Library/Android/sdk/ndk/25.1.8937393/toolchains/llvm/prebuilt/darwin-x86_64/bin/clang --target=i686-none-linux-android26 --sysroot=/Users/ignacioestrada/Library/Android/sdk/ndk/25.1.8937393/toolchains/llvm/prebuilt/darwin-x86_64/sysroot   -g -DANDROID -fdata-sections -ffunction-sections -funwind-tables -fstack-protector-strong -no-canonical-prefixes -D_FORTIFY_SOURCE=2 -Wformat -Werror=format-security   -fPIE -MD -MT CMakeFiles/cmTC_1c19e.dir/CheckSymbolExists.c.o -MF CMakeFiles/cmTC_1c19e.dir/CheckSymbolExists.c.o.d -o CMakeFiles/cmTC_1c19e.dir/CheckSymbolExists.c.o -c /Users/ignacioestrada/game_design/skipclass_studios/build/android/PolarPairs/app/.cxx/Debug/1y5j1lf6/x86/CMakeFiles/CMakeTmp/CheckSymbolExists.c
/Users/ignacioestrada/game_design/skipclass_studios/build/android/PolarPairs/app/.cxx/Debug/1y5j1lf6/x86/CMakeFiles/CMakeTmp/CheckSymbolExists.c:8:19: error: use of undeclared identifier '__GLIBC__'
  return ((int*)(&__GLIBC__))[argc];
                  ^
1 error generated.
ninja: build stopped: subcommand failed.


File /Users/ignacioestrada/game_design/skipclass_studios/build/android/PolarPairs/app/.cxx/Debug/1y5j1lf6/x86/CMakeFiles/CMakeTmp/CheckSymbolExists.c:
/* */
#include <stdlib.h>

int main(int argc, char** argv)
{
  (void)argv;
#ifndef __GLIBC__
  return ((int*)(&__GLIBC__))[argc];
#else
  (void)argc;
  return 0;
#endif
}
Performing C SOURCE FILE Test CHECK_CPU_ARCHITECTURE_X64 failed with the following output:
Change Dir: /Users/ignacioestrada/game_design/skipclass_studios/build/android/PolarPairs/app/.cxx/Debug/1y5j1lf6/x86/CMakeFiles/CMakeTmp

Run Build Command(s):/Users/ignacioestrada/Library/Android/sdk/cmake/3.22.1/bin/ninja cmTC_474ed && [1/2] Building C object CMakeFiles/cmTC_474ed.dir/src.c.o
FAILED: CMakeFiles/cmTC_474ed.dir/src.c.o 
/Users/ignacioestrada/Library/Android/sdk/ndk/25.1.8937393/toolchains/llvm/prebuilt/darwin-x86_64/bin/clang --target=i686-none-linux-android26 --sysroot=/Users/ignacioestrada/Library/Android/sdk/ndk/25.1.8937393/toolchains/llvm/prebuilt/darwin-x86_64/sysroot -DCHECK_CPU_ARCHITECTURE_X64  -g -DANDROID -fdata-sections -ffunction-sections -funwind-tables -fstack-protector-strong -no-canonical-prefixes -D_FORTIFY_SOURCE=2 -Wformat -Werror=format-security   -fPIE -MD -MT CMakeFiles/cmTC_474ed.dir/src.c.o -MF CMakeFiles/cmTC_474ed.dir/src.c.o.d -o CMakeFiles/cmTC_474ed.dir/src.c.o -c /Users/ignacioestrada/game_design/skipclass_studios/build/android/PolarPairs/app/.cxx/Debug/1y5j1lf6/x86/CMakeFiles/CMakeTmp/src.c
/Users/ignacioestrada/game_design/skipclass_studios/build/android/PolarPairs/app/.cxx/Debug/1y5j1lf6/x86/CMakeFiles/CMakeTmp/src.c:6:3: error: use of undeclared identifier 'choke'
  choke
  ^
1 error generated.
ninja: build stopped: subcommand failed.


Source file was:

int main(int argc, char *argv[]) {
#if defined(__amd64__) || defined(__amd64) || defined(__x86_64__) || defined(__x86_64) || defined(_M_X64) || defined(_M_AMD64)
  return 0;
#else
  choke
#endif
}

Performing C SOURCE FILE Test CHECK_CPU_ARCHITECTURE_ARM32 failed with the following output:
Change Dir: /Users/ignacioestrada/game_design/skipclass_studios/build/android/PolarPairs/app/.cxx/Debug/1y5j1lf6/x86/CMakeFiles/CMakeTmp

Run Build Command(s):/Users/ignacioestrada/Library/Android/sdk/cmake/3.22.1/bin/ninja cmTC_20369 && [1/2] Building C object CMakeFiles/cmTC_20369.dir/src.c.o
FAILED: CMakeFiles/cmTC_20369.dir/src.c.o 
/Users/ignacioestrada/Library/Android/sdk/ndk/25.1.8937393/toolchains/llvm/prebuilt/darwin-x86_64/bin/clang --target=i686-none-linux-android26 --sysroot=/Users/ignacioestrada/Library/Android/sdk/ndk/25.1.8937393/toolchains/llvm/prebuilt/darwin-x86_64/sysroot -DCHECK_CPU_ARCHITECTURE_ARM32  -g -DANDROID -fdata-sections -ffunction-sections -funwind-tables -fstack-protector-strong -no-canonical-prefixes -D_FORTIFY_SOURCE=2 -Wformat -Werror=format-security   -fPIE -MD -MT CMakeFiles/cmTC_20369.dir/src.c.o -MF CMakeFiles/cmTC_20369.dir/src.c.o.d -o CMakeFiles/cmTC_20369.dir/src.c.o -c /Users/ignacioestrada/game_design/skipclass_studios/build/android/PolarPairs/app/.cxx/Debug/1y5j1lf6/x86/CMakeFiles/CMakeTmp/src.c
/Users/ignacioestrada/game_design/skipclass_studios/build/android/PolarPairs/app/.cxx/Debug/1y5j1lf6/x86/CMakeFiles/CMakeTmp/src.c:6:3: error: use of undeclared identifier 'choke'
  choke
  ^
1 error generated.
ninja: build stopped: subcommand failed.


Source file was:

int main(int argc, char *argv[]) {
#if defined(__arm__) || defined(_M_ARM)
  return 0;
#else
  choke
#endif
}

Performing C SOURCE FILE Test CHECK_CPU_ARCHITECTURE_ARM64 failed with the following output:
Change Dir: /Users/ignacioestrada/game_design/skipclass_studios/build/android/PolarPairs/app/.cxx/Debug/1y5j1lf6/x86/CMakeFiles/CMakeTmp

Run Build Command(s):/Users/ignacioestrada/Library/Android/sdk/cmake/3.22.1/bin/ninja cmTC_bcdfb && [1/2] Building C object CMakeFiles/cmTC_bcdfb.dir/src.c.o
FAILED: CMakeFiles/cmTC_bcdfb.dir/src.c.o 
/Users/ignacioestrada/Library/Android/sdk/ndk/25.1.8937393/toolchains/llvm/prebuilt/darwin-x86_64/bin/clang --target=i686-none-linux-android26 --sysroot=/Users/ignacioestrada/Library/Android/sdk/ndk/25.1.8937393/toolchains/llvm/prebuilt/darwin-x86_64/sysroot -DCHECK_CPU_ARCHITECTURE_ARM64  -g -DANDROID -fdata-sections -ffunction-sections -funwind-tables -fstack-protector-strong -no-canonical-prefixes -D_FORTIFY_SOURCE=2 -Wformat -Werror=format-security   -fPIE -MD -MT CMakeFiles/cmTC_bcdfb.dir/src.c.o -MF CMakeFiles/cmTC_bcdfb.dir/src.c.o.d -o CMakeFiles/cmTC_bcdfb.dir/src.c.o -c /Users/ignacioestrada/game_design/skipclass_studios/build/android/PolarPairs/app/.cxx/Debug/1y5j1lf6/x86/CMakeFiles/CMakeTmp/src.c
/Users/ignacioestrada/game_design/skipclass_studios/build/android/PolarPairs/app/.cxx/Debug/1y5j1lf6/x86/CMakeFiles/CMakeTmp/src.c:6:3: error: use of undeclared identifier 'choke'
  choke
  ^
1 error generated.
ninja: build stopped: subcommand failed.


Source file was:

int main(int argc, char *argv[]) {
#if defined(__aarch64__) || defined(_M_ARM64)
  return 0;
#else
  choke
#endif
}

Performing C SOURCE FILE Test CHECK_CPU_ARCHITECTURE_LOONGARCH64 failed with the following output:
Change Dir: /Users/ignacioestrada/game_design/skipclass_studios/build/android/PolarPairs/app/.cxx/Debug/1y5j1lf6/x86/CMakeFiles/CMakeTmp

Run Build Command(s):/Users/ignacioestrada/Library/Android/sdk/cmake/3.22.1/bin/ninja cmTC_dd417 && [1/2] Building C object CMakeFiles/cmTC_dd417.dir/src.c.o
FAILED: CMakeFiles/cmTC_dd417.dir/src.c.o 
/Users/ignacioestrada/Library/Android/sdk/ndk/25.1.8937393/toolchains/llvm/prebuilt/darwin-x86_64/bin/clang --target=i686-none-linux-android26 --sysroot=/Users/ignacioestrada/Library/Android/sdk/ndk/25.1.8937393/toolchains/llvm/prebuilt/darwin-x86_64/sysroot -DCHECK_CPU_ARCHITECTURE_LOONGARCH64  -g -DANDROID -fdata-sections -ffunction-sections -funwind-tables -fstack-protector-strong -no-canonical-prefixes -D_FORTIFY_SOURCE=2 -Wformat -Werror=format-security   -fPIE -MD -MT CMakeFiles/cmTC_dd417.dir/src.c.o -MF CMakeFiles/cmTC_dd417.dir/src.c.o.d -o CMakeFiles/cmTC_dd417.dir/src.c.o -c /Users/ignacioestrada/game_design/skipclass_studios/build/android/PolarPairs/app/.cxx/Debug/1y5j1lf6/x86/CMakeFiles/CMakeTmp/src.c
/Users/ignacioestrada/game_design/skipclass_studios/build/android/PolarPairs/app/.cxx/Debug/1y5j1lf6/x86/CMakeFiles/CMakeTmp/src.c:6:3: error: use of undeclared identifier 'choke'
  choke
  ^
1 error generated.
ninja: build stopped: subcommand failed.


Source file was:

int main(int argc, char *argv[]) {
#if defined(__loongarch64)
  return 0;
#else
  choke
#endif
}

Performing C SOURCE FILE Test HAVE_ALTIVEC_H_HDR failed with the following output:
Change Dir: /Users/ignacioestrada/game_design/skipclass_studios/build/android/PolarPairs/app/.cxx/Debug/1y5j1lf6/x86/CMakeFiles/CMakeTmp

Run Build Command(s):/Users/ignacioestrada/Library/Android/sdk/cmake/3.22.1/bin/ninja cmTC_e7b21 && [1/2] Building C object CMakeFiles/cmTC_e7b21.dir/src.c.o
FAILED: CMakeFiles/cmTC_e7b21.dir/src.c.o 
/Users/ignacioestrada/Library/Android/sdk/ndk/25.1.8937393/toolchains/llvm/prebuilt/darwin-x86_64/bin/clang --target=i686-none-linux-android26 --sysroot=/Users/ignacioestrada/Library/Android/sdk/ndk/25.1.8937393/toolchains/llvm/prebuilt/darwin-x86_64/sysroot -DHAVE_ALTIVEC_H_HDR  -g -DANDROID -fdata-sections -ffunction-sections -funwind-tables -fstack-protector-strong -no-canonical-prefixes -D_FORTIFY_SOURCE=2 -Wformat -Werror=format-security  -idirafter "/Users/ignacioestrada/game_design/cugl/sdlapp/buildfiles/cmake/../../src/video/khronos" -maltivec -fPIE -MD -MT CMakeFiles/cmTC_e7b21.dir/src.c.o -MF CMakeFiles/cmTC_e7b21.dir/src.c.o.d -o CMakeFiles/cmTC_e7b21.dir/src.c.o -c /Users/ignacioestrada/game_design/skipclass_studios/build/android/PolarPairs/app/.cxx/Debug/1y5j1lf6/x86/CMakeFiles/CMakeTmp/src.c
clang: warning: argument unused during compilation: '-maltivec' [-Wunused-command-line-argument]
In file included from /Users/ignacioestrada/game_design/skipclass_studios/build/android/PolarPairs/app/.cxx/Debug/1y5j1lf6/x86/CMakeFiles/CMakeTmp/src.c:2:
/Users/ignacioestrada/Library/Android/sdk/ndk/25.1.8937393/toolchains/llvm/prebuilt/darwin-x86_64/lib64/clang/14.0.6/include/altivec.h:13:2: error: "AltiVec support not enabled"
#error "AltiVec support not enabled"
 ^
/Users/ignacioestrada/Library/Android/sdk/ndk/25.1.8937393/toolchains/llvm/prebuilt/darwin-x86_64/lib64/clang/14.0.6/include/altivec.h:50:19: error: unknown type name 'vector'
static __inline__ vector signed char __ATTRS_o_ai vec_perm(
                  ^
/Users/ignacioestrada/Library/Android/sdk/ndk/25.1.8937393/toolchains/llvm/prebuilt/darwin-x86_64/lib64/clang/14.0.6/include/altivec.h:51:5: error: unknown type name 'vector'
    vector signed char __a, vector signed char __b, vector unsigned char __c);
    ^
/Users/ignacioestrada/Library/Android/sdk/ndk/25.1.8937393/toolchains/llvm/prebuilt/darwin-x86_64/lib64/clang/14.0.6/include/altivec.h:51:29: error: unknown type name 'vector'
    vector signed char __a, vector signed char __b, vector unsigned char __c);
                            ^
/Users/ignacioestrada/Library/Android/sdk/ndk/25.1.8937393/toolchains/llvm/prebuilt/darwin-x86_64/lib64/clang/14.0.6/include/altivec.h:51:53: error: unknown type name 'vector'
    vector signed char __a, vector signed char __b, vector unsigned char __c);
                                                    ^
/Users/ignacioestrada/Library/Android/sdk/ndk/25.1.8937393/toolchains/llvm/prebuilt/darwin-x86_64/lib64/clang/14.0.6/include/altivec.h:53:19: error: unknown type name 'vector'
static __inline__ vector unsigned char __ATTRS_o_ai
                  ^
/Users/ignacioestrada/Library/Android/sdk/ndk/25.1.8937393/toolchains/llvm/prebuilt/darwin-x86_64/lib64/clang/14.0.6/include/altivec.h:54:10: error: unknown type name 'vector'
vec_perm(vector unsigned char __a, vector unsigned char __b,
         ^
/Users/ignacioestrada/Library/Android/sdk/ndk/25.1.8937393/toolchains/llvm/prebuilt/darwin-x86_64/lib64/clang/14.0.6/include/altivec.h:54:36: error: unknown type name 'vector'
vec_perm(vector unsigned char __a, vector unsigned char __b,
                                   ^
/Users/ignacioestrada/Library/Android/sdk/ndk/25.1.8937393/toolchains/llvm/prebuilt/darwin-x86_64/lib64/clang/14.0.6/include/altivec.h:55:10: error: unknown type name 'vector'
         vector unsigned char __c);
         ^
/Users/ignacioestrada/Library/Android/sdk/ndk/25.1.8937393/toolchains/llvm/prebuilt/darwin-x86_64/lib64/clang/14.0.6/include/altivec.h:57:19: error: unknown type name 'vector'
static __inline__ vector bool char __ATTRS_o_ai
                  ^
/Users/ignacioestrada/Library/Android/sdk/ndk/25.1.8937393/toolchains/llvm/prebuilt/darwin-x86_64/lib64/clang/14.0.6/include/altivec.h:57:8: error: 'inline' can only appear on functions
static __inline__ vector bool char __ATTRS_o_ai
       ^
/Users/ignacioestrada/Library/Android/sdk/ndk/25.1.8937393/toolchains/llvm/prebuilt/darwin-x86_64/lib64/clang/14.0.6/include/altivec.h:57:30: error: expected ';' after top level declarator
static __inline__ vector bool char __ATTRS_o_ai
                             ^
/Users/ignacioestrada/Library/Android/sdk/ndk/25.1.8937393/toolchains/llvm/prebuilt/darwin-x86_64/lib64/clang/14.0.6/include/altivec.h:58:10: error: unknown type name 'vector'
vec_perm(vector bool char __a, vector bool char __b, vector unsigned char __c);
         ^
/Users/ignacioestrada/Library/Android/sdk/ndk/25.1.8937393/toolchains/llvm/prebuilt/darwin-x86_64/lib64/clang/14.0.6/include/altivec.h:58:22: error: expected ')'
vec_perm(vector bool char __a, vector bool char __b, vector unsigned char __c);
                     ^
/Users/ignacioestrada/Library/Android/sdk/ndk/25.1.8937393/toolchains/llvm/prebuilt/darwin-x86_64/lib64/clang/14.0.6/include/altivec.h:58:9: note: to match this '('
vec_perm(vector bool char __a, vector bool char __b, vector unsigned char __c);
        ^
/Users/ignacioestrada/Library/Android/sdk/ndk/25.1.8937393/toolchains/llvm/prebuilt/darwin-x86_64/lib64/clang/14.0.6/include/altivec.h:60:19: error: unknown type name 'vector'
static __inline__ vector short __ATTRS_o_ai vec_perm(vector signed short __a,
                  ^
/Users/ignacioestrada/Library/Android/sdk/ndk/25.1.8937393/toolchains/llvm/prebuilt/darwin-x86_64/lib64/clang/14.0.6/include/altivec.h:60:54: error: unknown type name 'vector'
static __inline__ vector short __ATTRS_o_ai vec_perm(vector signed short __a,
                                                     ^
/Users/ignacioestrada/Library/Android/sdk/ndk/25.1.8937393/toolchains/llvm/prebuilt/darwin-x86_64/lib64/clang/14.0.6/include/altivec.h:61:54: error: unknown type name 'vector'
                                                     vector signed short __b,
                                                     ^
/Users/ignacioestrada/Library/Android/sdk/ndk/25.1.8937393/toolchains/llvm/prebuilt/darwin-x86_64/lib64/clang/14.0.6/include/altivec.h:62:54: error: unknown type name 'vector'
                                                     vector unsigned char __c);
                                                     ^
/Users/ignacioestrada/Library/Android/sdk/ndk/25.1.8937393/toolchains/llvm/prebuilt/darwin-x86_64/lib64/clang/14.0.6/include/altivec.h:64:19: error: unknown type name 'vector'
static __inline__ vector unsigned short __ATTRS_o_ai
                  ^
fatal error: too many errors emitted, stopping now [-ferror-limit=]
20 errors generated.
ninja: build stopped: subcommand failed.


Source file was:

          #include <altivec.h>
          vector unsigned int vzero() {
              return vec_splat_u32(0);
          }
          int main(int argc, char **argv) { return 0; }
Performing C SOURCE FILE Test CPU_SUPPORTS_ALTIVEC failed with the following output:
Change Dir: /Users/ignacioestrada/game_design/skipclass_studios/build/android/PolarPairs/app/.cxx/Debug/1y5j1lf6/x86/CMakeFiles/CMakeTmp

Run Build Command(s):/Users/ignacioestrada/Library/Android/sdk/cmake/3.22.1/bin/ninja cmTC_e53b9 && [1/2] Building C object CMakeFiles/cmTC_e53b9.dir/src.c.o
FAILED: CMakeFiles/cmTC_e53b9.dir/src.c.o 
/Users/ignacioestrada/Library/Android/sdk/ndk/25.1.8937393/toolchains/llvm/prebuilt/darwin-x86_64/bin/clang --target=i686-none-linux-android26 --sysroot=/Users/ignacioestrada/Library/Android/sdk/ndk/25.1.8937393/toolchains/llvm/prebuilt/darwin-x86_64/sysroot -DCPU_SUPPORTS_ALTIVEC  -g -DANDROID -fdata-sections -ffunction-sections -funwind-tables -fstack-protector-strong -no-canonical-prefixes -D_FORTIFY_SOURCE=2 -Wformat -Werror=format-security  -idirafter "/Users/ignacioestrada/game_design/cugl/sdlapp/buildfiles/cmake/../../src/video/khronos" -maltivec -fPIE -MD -MT CMakeFiles/cmTC_e53b9.dir/src.c.o -MF CMakeFiles/cmTC_e53b9.dir/src.c.o.d -o CMakeFiles/cmTC_e53b9.dir/src.c.o -c /Users/ignacioestrada/game_design/skipclass_studios/build/android/PolarPairs/app/.cxx/Debug/1y5j1lf6/x86/CMakeFiles/CMakeTmp/src.c
clang: warning: argument unused during compilation: '-maltivec' [-Wunused-command-line-argument]
/Users/ignacioestrada/game_design/skipclass_studios/build/android/PolarPairs/app/.cxx/Debug/1y5j1lf6/x86/CMakeFiles/CMakeTmp/src.c:2:11: error: unknown type name 'vector'
          vector unsigned int vzero() {
          ^
/Users/ignacioestrada/game_design/skipclass_studios/build/android/PolarPairs/app/.cxx/Debug/1y5j1lf6/x86/CMakeFiles/CMakeTmp/src.c:3:22: warning: implicit declaration of function 'vec_splat_u32' is invalid in C99 [-Wimplicit-function-declaration]
              return vec_splat_u32(0);
                     ^
1 warning and 1 error generated.
ninja: build stopped: subcommand failed.


Source file was:

          vector unsigned int vzero() {
              return vec_splat_u32(0);
          }
          int main(int argc, char **argv) { return 0; }
Determining if the _strrev exist failed with the following output:
Change Dir: /Users/ignacioestrada/game_design/skipclass_studios/build/android/PolarPairs/app/.cxx/Debug/1y5j1lf6/x86/CMakeFiles/CMakeTmp

Run Build Command(s):/Users/ignacioestrada/Library/Android/sdk/cmake/3.22.1/bin/ninja cmTC_be4c0 && [1/2] Building C object CMakeFiles/cmTC_be4c0.dir/CheckSymbolExists.c.o
FAILED: CMakeFiles/cmTC_be4c0.dir/CheckSymbolExists.c.o 
/Users/ignacioestrada/Library/Android/sdk/ndk/25.1.8937393/toolchains/llvm/prebuilt/darwin-x86_64/bin/clang --target=i686-none-linux-android26 --sysroot=/Users/ignacioestrada/Library/Android/sdk/ndk/25.1.8937393/toolchains/llvm/prebuilt/darwin-x86_64/sysroot   -g -DANDROID -fdata-sections -ffunction-sections -funwind-tables -fstack-protector-strong -no-canonical-prefixes -D_FORTIFY_SOURCE=2 -Wformat -Werror=format-security  -idirafter "/Users/ignacioestrada/game_design/cugl/sdlapp/buildfiles/cmake/../../src/video/khronos"  -D_GNU_SOURCE=1 -fPIE -MD -MT CMakeFiles/cmTC_be4c0.dir/CheckSymbolExists.c.o -MF CMakeFiles/cmTC_be4c0.dir/CheckSymbolExists.c.o.d -o CMakeFiles/cmTC_be4c0.dir/CheckSymbolExists.c.o -c /Users/ignacioestrada/game_design/skipclass_studios/build/android/PolarPairs/app/.cxx/Debug/1y5j1lf6/x86/CMakeFiles/CMakeTmp/CheckSymbolExists.c
/Users/ignacioestrada/game_design/skipclass_studios/build/android/PolarPairs/app/.cxx/Debug/1y5j1lf6/x86/CMakeFiles/CMakeTmp/CheckSymbolExists.c:14:19: error: use of undeclared identifier '_strrev'; did you mean 'strsep'?
  return ((int*)(&_strrev))[argc];
                  ^~~~~~~
                  strsep
/Users/ignacioestrada/Library/Android/sdk/ndk/25.1.8937393/toolchains/llvm/prebuilt/darwin-x86_64/sysroot/usr/include/string.h:150:7: note: 'strsep' declared here
char* strsep(char** __s_ptr, const char* __delimiter);
      ^
1 error generated.
ninja: build stopped: subcommand failed.


File /Users/ignacioestrada/game_design/skipclass_studios/build/android/PolarPairs/app/.cxx/Debug/1y5j1lf6/x86/CMakeFiles/CMakeTmp/CheckSymbolExists.c:
/* */
#include <stddef.h>
#include <stdarg.h>
#include <stdlib.h>
#include <string.h>
#include <stdio.h>
#include <wchar.h>
#include <float.h>

int main(int argc, char** argv)
{
  (void)argv;
#ifndef _strrev
  return ((int*)(&_strrev))[argc];
#else
  (void)argc;
  return 0;
#endif
}
Determining if the _strupr exist failed with the following output:
Change Dir: /Users/ignacioestrada/game_design/skipclass_studios/build/android/PolarPairs/app/.cxx/Debug/1y5j1lf6/x86/CMakeFiles/CMakeTmp

Run Build Command(s):/Users/ignacioestrada/Library/Android/sdk/cmake/3.22.1/bin/ninja cmTC_ff3d7 && [1/2] Building C object CMakeFiles/cmTC_ff3d7.dir/CheckSymbolExists.c.o
FAILED: CMakeFiles/cmTC_ff3d7.dir/CheckSymbolExists.c.o 
/Users/ignacioestrada/Library/Android/sdk/ndk/25.1.8937393/toolchains/llvm/prebuilt/darwin-x86_64/bin/clang --target=i686-none-linux-android26 --sysroot=/Users/ignacioestrada/Library/Android/sdk/ndk/25.1.8937393/toolchains/llvm/prebuilt/darwin-x86_64/sysroot   -g -DANDROID -fdata-sections -ffunction-sections -funwind-tables -fstack-protector-strong -no-canonical-prefixes -D_FORTIFY_SOURCE=2 -Wformat -Werror=format-security  -idirafter "/Users/ignacioestrada/game_design/cugl/sdlapp/buildfiles/cmake/../../src/video/khronos"  -D_GNU_SOURCE=1 -fPIE -MD -MT CMakeFiles/cmTC_ff3d7.dir/CheckSymbolExists.c.o -MF CMakeFiles/cmTC_ff3d7.dir/CheckSymbolExists.c.o.d -o CMakeFiles/cmTC_ff3d7.dir/CheckSymbolExists.c.o -c /Users/ignacioestrada/game_design/skipclass_studios/build/android/PolarPairs/app/.cxx/Debug/1y5j1lf6/x86/CMakeFiles/CMakeTmp/CheckSymbolExists.c
/Users/ignacioestrada/game_design/skipclass_studios/build/android/PolarPairs/app/.cxx/Debug/1y5j1lf6/x86/CMakeFiles/CMakeTmp/CheckSymbolExists.c:14:19: error: use of undeclared identifier '_strupr'
  return ((int*)(&_strupr))[argc];
                  ^
1 error generated.
ninja: build stopped: subcommand failed.


File /Users/ignacioestrada/game_design/skipclass_studios/build/android/PolarPairs/app/.cxx/Debug/1y5j1lf6/x86/CMakeFiles/CMakeTmp/CheckSymbolExists.c:
/* */
#include <stddef.h>
#include <stdarg.h>
#include <stdlib.h>
#include <string.h>
#include <stdio.h>
#include <wchar.h>
#include <float.h>

int main(int argc, char** argv)
{
  (void)argv;
#ifndef _strupr
  return ((int*)(&_strupr))[argc];
#else
  (void)argc;
  return 0;
#endif
}
Determining if the _strlwr exist failed with the following output:
Change Dir: /Users/ignacioestrada/game_design/skipclass_studios/build/android/PolarPairs/app/.cxx/Debug/1y5j1lf6/x86/CMakeFiles/CMakeTmp

Run Build Command(s):/Users/ignacioestrada/Library/Android/sdk/cmake/3.22.1/bin/ninja cmTC_13090 && [1/2] Building C object CMakeFiles/cmTC_13090.dir/CheckSymbolExists.c.o
FAILED: CMakeFiles/cmTC_13090.dir/CheckSymbolExists.c.o 
/Users/ignacioestrada/Library/Android/sdk/ndk/25.1.8937393/toolchains/llvm/prebuilt/darwin-x86_64/bin/clang --target=i686-none-linux-android26 --sysroot=/Users/ignacioestrada/Library/Android/sdk/ndk/25.1.8937393/toolchains/llvm/prebuilt/darwin-x86_64/sysroot   -g -DANDROID -fdata-sections -ffunction-sections -funwind-tables -fstack-protector-strong -no-canonical-prefixes -D_FORTIFY_SOURCE=2 -Wformat -Werror=format-security  -idirafter "/Users/ignacioestrada/game_design/cugl/sdlapp/buildfiles/cmake/../../src/video/khronos"  -D_GNU_SOURCE=1 -fPIE -MD -MT CMakeFiles/cmTC_13090.dir/CheckSymbolExists.c.o -MF CMakeFiles/cmTC_13090.dir/CheckSymbolExists.c.o.d -o CMakeFiles/cmTC_13090.dir/CheckSymbolExists.c.o -c /Users/ignacioestrada/game_design/skipclass_studios/build/android/PolarPairs/app/.cxx/Debug/1y5j1lf6/x86/CMakeFiles/CMakeTmp/CheckSymbolExists.c
/Users/ignacioestrada/game_design/skipclass_studios/build/android/PolarPairs/app/.cxx/Debug/1y5j1lf6/x86/CMakeFiles/CMakeTmp/CheckSymbolExists.c:14:19: error: use of undeclared identifier '_strlwr'; did you mean 'strstr'?
  return ((int*)(&_strlwr))[argc];
                  ^~~~~~~
                  strstr
/Users/ignacioestrada/Library/Android/sdk/ndk/25.1.8937393/toolchains/llvm/prebuilt/darwin-x86_64/sysroot/usr/include/string.h:112:7: note: 'strstr' declared here
char* strstr(const char* __haystack, const char* __needle) __attribute_pure__;
      ^
1 error generated.
ninja: build stopped: subcommand failed.


File /Users/ignacioestrada/game_design/skipclass_studios/build/android/PolarPairs/app/.cxx/Debug/1y5j1lf6/x86/CMakeFiles/CMakeTmp/CheckSymbolExists.c:
/* */
#include <stddef.h>
#include <stdarg.h>
#include <stdlib.h>
#include <string.h>
#include <stdio.h>
#include <wchar.h>
#include <float.h>

int main(int argc, char** argv)
{
  (void)argv;
#ifndef _strlwr
  return ((int*)(&_strlwr))[argc];
#else
  (void)argc;
  return 0;
#endif
}
Determining if the index exist failed with the following output:
Change Dir: /Users/ignacioestrada/game_design/skipclass_studios/build/android/PolarPairs/app/.cxx/Debug/1y5j1lf6/x86/CMakeFiles/CMakeTmp

Run Build Command(s):/Users/ignacioestrada/Library/Android/sdk/cmake/3.22.1/bin/ninja cmTC_8f576 && [1/2] Building C object CMakeFiles/cmTC_8f576.dir/CheckSymbolExists.c.o
/Users/ignacioestrada/game_design/skipclass_studios/build/android/PolarPairs/app/.cxx/Debug/1y5j1lf6/x86/CMakeFiles/CMakeTmp/CheckSymbolExists.c:14:19: warning: implicitly declaring library function 'index' with type 'char *(const char *, int)' [-Wimplicit-function-declaration]
  return ((int*)(&index))[argc];
                  ^
/Users/ignacioestrada/game_design/skipclass_studios/build/android/PolarPairs/app/.cxx/Debug/1y5j1lf6/x86/CMakeFiles/CMakeTmp/CheckSymbolExists.c:14:19: note: include the header <strings.h> or explicitly provide a declaration for 'index'
1 warning generated.
[2/2] Linking C executable cmTC_8f576
FAILED: cmTC_8f576 
: && /Users/ignacioestrada/Library/Android/sdk/ndk/25.1.8937393/toolchains/llvm/prebuilt/darwin-x86_64/bin/clang --target=i686-none-linux-android26 --sysroot=/Users/ignacioestrada/Library/Android/sdk/ndk/25.1.8937393/toolchains/llvm/prebuilt/darwin-x86_64/sysroot -g -DANDROID -fdata-sections -ffunction-sections -funwind-tables -fstack-protector-strong -no-canonical-prefixes -D_FORTIFY_SOURCE=2 -Wformat -Werror=format-security  -idirafter "/Users/ignacioestrada/game_design/cugl/sdlapp/buildfiles/cmake/../../src/video/khronos"  -D_GNU_SOURCE=1 -static-libstdc++ -Wl,--build-id=sha1 -Wl,--no-rosegment -Wl,--fatal-warnings -Wl,--gc-sections -Wl,--no-undefined -Qunused-arguments -Wl,--gc-sections CMakeFiles/cmTC_8f576.dir/CheckSymbolExists.c.o -o cmTC_8f576  -latomic -lm && :
ld: error: undefined symbol: index
>>> referenced by CheckSymbolExists.c:14
>>>               CMakeFiles/cmTC_8f576.dir/CheckSymbolExists.c.o:(main)
>>> referenced by CheckSymbolExists.c:14
>>>               CMakeFiles/cmTC_8f576.dir/CheckSymbolExists.c.o:(main)
clang: error: linker command failed with exit code 1 (use -v to see invocation)
ninja: build stopped: subcommand failed.


File /Users/ignacioestrada/game_design/skipclass_studios/build/android/PolarPairs/app/.cxx/Debug/1y5j1lf6/x86/CMakeFiles/CMakeTmp/CheckSymbolExists.c:
/* */
#include <stddef.h>
#include <stdarg.h>
#include <stdlib.h>
#include <string.h>
#include <stdio.h>
#include <wchar.h>
#include <float.h>

int main(int argc, char** argv)
{
  (void)argv;
#ifndef index
  return ((int*)(&index))[argc];
#else
  (void)argc;
  return 0;
#endif
}
Determining if the rindex exist failed with the following output:
Change Dir: /Users/ignacioestrada/game_design/skipclass_studios/build/android/PolarPairs/app/.cxx/Debug/1y5j1lf6/x86/CMakeFiles/CMakeTmp

Run Build Command(s):/Users/ignacioestrada/Library/Android/sdk/cmake/3.22.1/bin/ninja cmTC_4ed0b && [1/2] Building C object CMakeFiles/cmTC_4ed0b.dir/CheckSymbolExists.c.o
/Users/ignacioestrada/game_design/skipclass_studios/build/android/PolarPairs/app/.cxx/Debug/1y5j1lf6/x86/CMakeFiles/CMakeTmp/CheckSymbolExists.c:14:19: warning: implicitly declaring library function 'rindex' with type 'char *(const char *, int)' [-Wimplicit-function-declaration]
  return ((int*)(&rindex))[argc];
                  ^
/Users/ignacioestrada/game_design/skipclass_studios/build/android/PolarPairs/app/.cxx/Debug/1y5j1lf6/x86/CMakeFiles/CMakeTmp/CheckSymbolExists.c:14:19: note: include the header <strings.h> or explicitly provide a declaration for 'rindex'
1 warning generated.
[2/2] Linking C executable cmTC_4ed0b
FAILED: cmTC_4ed0b 
: && /Users/ignacioestrada/Library/Android/sdk/ndk/25.1.8937393/toolchains/llvm/prebuilt/darwin-x86_64/bin/clang --target=i686-none-linux-android26 --sysroot=/Users/ignacioestrada/Library/Android/sdk/ndk/25.1.8937393/toolchains/llvm/prebuilt/darwin-x86_64/sysroot -g -DANDROID -fdata-sections -ffunction-sections -funwind-tables -fstack-protector-strong -no-canonical-prefixes -D_FORTIFY_SOURCE=2 -Wformat -Werror=format-security  -idirafter "/Users/ignacioestrada/game_design/cugl/sdlapp/buildfiles/cmake/../../src/video/khronos"  -D_GNU_SOURCE=1 -static-libstdc++ -Wl,--build-id=sha1 -Wl,--no-rosegment -Wl,--fatal-warnings -Wl,--gc-sections -Wl,--no-undefined -Qunused-arguments -Wl,--gc-sections CMakeFiles/cmTC_4ed0b.dir/CheckSymbolExists.c.o -o cmTC_4ed0b  -latomic -lm && :
ld: error: undefined symbol: rindex
>>> referenced by CheckSymbolExists.c:14
>>>               CMakeFiles/cmTC_4ed0b.dir/CheckSymbolExists.c.o:(main)
>>> referenced by CheckSymbolExists.c:14
>>>               CMakeFiles/cmTC_4ed0b.dir/CheckSymbolExists.c.o:(main)
clang: error: linker command failed with exit code 1 (use -v to see invocation)
ninja: build stopped: subcommand failed.


File /Users/ignacioestrada/game_design/skipclass_studios/build/android/PolarPairs/app/.cxx/Debug/1y5j1lf6/x86/CMakeFiles/CMakeTmp/CheckSymbolExists.c:
/* */
#include <stddef.h>
#include <stdarg.h>
#include <stdlib.h>
#include <string.h>
#include <stdio.h>
#include <wchar.h>
#include <float.h>

int main(int argc, char** argv)
{
  (void)argv;
#ifndef rindex
  return ((int*)(&rindex))[argc];
#else
  (void)argc;
  return 0;
#endif
}
Determining if the itoa exist failed with the following output:
Change Dir: /Users/ignacioestrada/game_design/skipclass_studios/build/android/PolarPairs/app/.cxx/Debug/1y5j1lf6/x86/CMakeFiles/CMakeTmp

Run Build Command(s):/Users/ignacioestrada/Library/Android/sdk/cmake/3.22.1/bin/ninja cmTC_29ecf && [1/2] Building C object CMakeFiles/cmTC_29ecf.dir/CheckSymbolExists.c.o
FAILED: CMakeFiles/cmTC_29ecf.dir/CheckSymbolExists.c.o 
/Users/ignacioestrada/Library/Android/sdk/ndk/25.1.8937393/toolchains/llvm/prebuilt/darwin-x86_64/bin/clang --target=i686-none-linux-android26 --sysroot=/Users/ignacioestrada/Library/Android/sdk/ndk/25.1.8937393/toolchains/llvm/prebuilt/darwin-x86_64/sysroot   -g -DANDROID -fdata-sections -ffunction-sections -funwind-tables -fstack-protector-strong -no-canonical-prefixes -D_FORTIFY_SOURCE=2 -Wformat -Werror=format-security  -idirafter "/Users/ignacioestrada/game_design/cugl/sdlapp/buildfiles/cmake/../../src/video/khronos"  -D_GNU_SOURCE=1 -fPIE -MD -MT CMakeFiles/cmTC_29ecf.dir/CheckSymbolExists.c.o -MF CMakeFiles/cmTC_29ecf.dir/CheckSymbolExists.c.o.d -o CMakeFiles/cmTC_29ecf.dir/CheckSymbolExists.c.o -c /Users/ignacioestrada/game_design/skipclass_studios/build/android/PolarPairs/app/.cxx/Debug/1y5j1lf6/x86/CMakeFiles/CMakeTmp/CheckSymbolExists.c
/Users/ignacioestrada/game_design/skipclass_studios/build/android/PolarPairs/app/.cxx/Debug/1y5j1lf6/x86/CMakeFiles/CMakeTmp/CheckSymbolExists.c:14:19: error: use of undeclared identifier 'itoa'
  return ((int*)(&itoa))[argc];
                  ^
1 error generated.
ninja: build stopped: subcommand failed.


File /Users/ignacioestrada/game_design/skipclass_studios/build/android/PolarPairs/app/.cxx/Debug/1y5j1lf6/x86/CMakeFiles/CMakeTmp/CheckSymbolExists.c:
/* */
#include <stddef.h>
#include <stdarg.h>
#include <stdlib.h>
#include <string.h>
#include <stdio.h>
#include <wchar.h>
#include <float.h>

int main(int argc, char** argv)
{
  (void)argv;
#ifndef itoa
  return ((int*)(&itoa))[argc];
#else
  (void)argc;
  return 0;
#endif
}
Determining if the _ltoa exist failed with the following output:
Change Dir: /Users/ignacioestrada/game_design/skipclass_studios/build/android/PolarPairs/app/.cxx/Debug/1y5j1lf6/x86/CMakeFiles/CMakeTmp

Run Build Command(s):/Users/ignacioestrada/Library/Android/sdk/cmake/3.22.1/bin/ninja cmTC_6ccd5 && [1/2] Building C object CMakeFiles/cmTC_6ccd5.dir/CheckSymbolExists.c.o
FAILED: CMakeFiles/cmTC_6ccd5.dir/CheckSymbolExists.c.o 
/Users/ignacioestrada/Library/Android/sdk/ndk/25.1.8937393/toolchains/llvm/prebuilt/darwin-x86_64/bin/clang --target=i686-none-linux-android26 --sysroot=/Users/ignacioestrada/Library/Android/sdk/ndk/25.1.8937393/toolchains/llvm/prebuilt/darwin-x86_64/sysroot   -g -DANDROID -fdata-sections -ffunction-sections -funwind-tables -fstack-protector-strong -no-canonical-prefixes -D_FORTIFY_SOURCE=2 -Wformat -Werror=format-security  -idirafter "/Users/ignacioestrada/game_design/cugl/sdlapp/buildfiles/cmake/../../src/video/khronos"  -D_GNU_SOURCE=1 -fPIE -MD -MT CMakeFiles/cmTC_6ccd5.dir/CheckSymbolExists.c.o -MF CMakeFiles/cmTC_6ccd5.dir/CheckSymbolExists.c.o.d -o CMakeFiles/cmTC_6ccd5.dir/CheckSymbolExists.c.o -c /Users/ignacioestrada/game_design/skipclass_studios/build/android/PolarPairs/app/.cxx/Debug/1y5j1lf6/x86/CMakeFiles/CMakeTmp/CheckSymbolExists.c
/Users/ignacioestrada/game_design/skipclass_studios/build/android/PolarPairs/app/.cxx/Debug/1y5j1lf6/x86/CMakeFiles/CMakeTmp/CheckSymbolExists.c:14:19: error: use of undeclared identifier '_ltoa'
  return ((int*)(&_ltoa))[argc];
                  ^
1 error generated.
ninja: build stopped: subcommand failed.


File /Users/ignacioestrada/game_design/skipclass_studios/build/android/PolarPairs/app/.cxx/Debug/1y5j1lf6/x86/CMakeFiles/CMakeTmp/CheckSymbolExists.c:
/* */
#include <stddef.h>
#include <stdarg.h>
#include <stdlib.h>
#include <string.h>
#include <stdio.h>
#include <wchar.h>
#include <float.h>

int main(int argc, char** argv)
{
  (void)argv;
#ifndef _ltoa
  return ((int*)(&_ltoa))[argc];
#else
  (void)argc;
  return 0;
#endif
}
Determining if the _uitoa exist failed with the following output:
Change Dir: /Users/ignacioestrada/game_design/skipclass_studios/build/android/PolarPairs/app/.cxx/Debug/1y5j1lf6/x86/CMakeFiles/CMakeTmp

Run Build Command(s):/Users/ignacioestrada/Library/Android/sdk/cmake/3.22.1/bin/ninja cmTC_8e269 && [1/2] Building C object CMakeFiles/cmTC_8e269.dir/CheckSymbolExists.c.o
FAILED: CMakeFiles/cmTC_8e269.dir/CheckSymbolExists.c.o 
/Users/ignacioestrada/Library/Android/sdk/ndk/25.1.8937393/toolchains/llvm/prebuilt/darwin-x86_64/bin/clang --target=i686-none-linux-android26 --sysroot=/Users/ignacioestrada/Library/Android/sdk/ndk/25.1.8937393/toolchains/llvm/prebuilt/darwin-x86_64/sysroot   -g -DANDROID -fdata-sections -ffunction-sections -funwind-tables -fstack-protector-strong -no-canonical-prefixes -D_FORTIFY_SOURCE=2 -Wformat -Werror=format-security  -idirafter "/Users/ignacioestrada/game_design/cugl/sdlapp/buildfiles/cmake/../../src/video/khronos"  -D_GNU_SOURCE=1 -fPIE -MD -MT CMakeFiles/cmTC_8e269.dir/CheckSymbolExists.c.o -MF CMakeFiles/cmTC_8e269.dir/CheckSymbolExists.c.o.d -o CMakeFiles/cmTC_8e269.dir/CheckSymbolExists.c.o -c /Users/ignacioestrada/game_design/skipclass_studios/build/android/PolarPairs/app/.cxx/Debug/1y5j1lf6/x86/CMakeFiles/CMakeTmp/CheckSymbolExists.c
/Users/ignacioestrada/game_design/skipclass_studios/build/android/PolarPairs/app/.cxx/Debug/1y5j1lf6/x86/CMakeFiles/CMakeTmp/CheckSymbolExists.c:14:19: error: use of undeclared identifier '_uitoa'
  return ((int*)(&_uitoa))[argc];
                  ^
1 error generated.
ninja: build stopped: subcommand failed.


File /Users/ignacioestrada/game_design/skipclass_studios/build/android/PolarPairs/app/.cxx/Debug/1y5j1lf6/x86/CMakeFiles/CMakeTmp/CheckSymbolExists.c:
/* */
#include <stddef.h>
#include <stdarg.h>
#include <stdlib.h>
#include <string.h>
#include <stdio.h>
#include <wchar.h>
#include <float.h>

int main(int argc, char** argv)
{
  (void)argv;
#ifndef _uitoa
  return ((int*)(&_uitoa))[argc];
#else
  (void)argc;
  return 0;
#endif
}
Determining if the _ultoa exist failed with the following output:
Change Dir: /Users/ignacioestrada/game_design/skipclass_studios/build/android/PolarPairs/app/.cxx/Debug/1y5j1lf6/x86/CMakeFiles/CMakeTmp

Run Build Command(s):/Users/ignacioestrada/Library/Android/sdk/cmake/3.22.1/bin/ninja cmTC_0cbec && [1/2] Building C object CMakeFiles/cmTC_0cbec.dir/CheckSymbolExists.c.o
FAILED: CMakeFiles/cmTC_0cbec.dir/CheckSymbolExists.c.o 
/Users/ignacioestrada/Library/Android/sdk/ndk/25.1.8937393/toolchains/llvm/prebuilt/darwin-x86_64/bin/clang --target=i686-none-linux-android26 --sysroot=/Users/ignacioestrada/Library/Android/sdk/ndk/25.1.8937393/toolchains/llvm/prebuilt/darwin-x86_64/sysroot   -g -DANDROID -fdata-sections -ffunction-sections -funwind-tables -fstack-protector-strong -no-canonical-prefixes -D_FORTIFY_SOURCE=2 -Wformat -Werror=format-security  -idirafter "/Users/ignacioestrada/game_design/cugl/sdlapp/buildfiles/cmake/../../src/video/khronos"  -D_GNU_SOURCE=1 -fPIE -MD -MT CMakeFiles/cmTC_0cbec.dir/CheckSymbolExists.c.o -MF CMakeFiles/cmTC_0cbec.dir/CheckSymbolExists.c.o.d -o CMakeFiles/cmTC_0cbec.dir/CheckSymbolExists.c.o -c /Users/ignacioestrada/game_design/skipclass_studios/build/android/PolarPairs/app/.cxx/Debug/1y5j1lf6/x86/CMakeFiles/CMakeTmp/CheckSymbolExists.c
/Users/ignacioestrada/game_design/skipclass_studios/build/android/PolarPairs/app/.cxx/Debug/1y5j1lf6/x86/CMakeFiles/CMakeTmp/CheckSymbolExists.c:14:19: error: use of undeclared identifier '_ultoa'
  return ((int*)(&_ultoa))[argc];
                  ^
1 error generated.
ninja: build stopped: subcommand failed.


File /Users/ignacioestrada/game_design/skipclass_studios/build/android/PolarPairs/app/.cxx/Debug/1y5j1lf6/x86/CMakeFiles/CMakeTmp/CheckSymbolExists.c:
/* */
#include <stddef.h>
#include <stdarg.h>
#include <stdlib.h>
#include <string.h>
#include <stdio.h>
#include <wchar.h>
#include <float.h>

int main(int argc, char** argv)
{
  (void)argv;
#ifndef _ultoa
  return ((int*)(&_ultoa))[argc];
#else
  (void)argc;
  return 0;
#endif
}
Determining if the _i64toa exist failed with the following output:
Change Dir: /Users/ignacioestrada/game_design/skipclass_studios/build/android/PolarPairs/app/.cxx/Debug/1y5j1lf6/x86/CMakeFiles/CMakeTmp

Run Build Command(s):/Users/ignacioestrada/Library/Android/sdk/cmake/3.22.1/bin/ninja cmTC_a124e && [1/2] Building C object CMakeFiles/cmTC_a124e.dir/CheckSymbolExists.c.o
FAILED: CMakeFiles/cmTC_a124e.dir/CheckSymbolExists.c.o 
/Users/ignacioestrada/Library/Android/sdk/ndk/25.1.8937393/toolchains/llvm/prebuilt/darwin-x86_64/bin/clang --target=i686-none-linux-android26 --sysroot=/Users/ignacioestrada/Library/Android/sdk/ndk/25.1.8937393/toolchains/llvm/prebuilt/darwin-x86_64/sysroot   -g -DANDROID -fdata-sections -ffunction-sections -funwind-tables -fstack-protector-strong -no-canonical-prefixes -D_FORTIFY_SOURCE=2 -Wformat -Werror=format-security  -idirafter "/Users/ignacioestrada/game_design/cugl/sdlapp/buildfiles/cmake/../../src/video/khronos"  -D_GNU_SOURCE=1 -fPIE -MD -MT CMakeFiles/cmTC_a124e.dir/CheckSymbolExists.c.o -MF CMakeFiles/cmTC_a124e.dir/CheckSymbolExists.c.o.d -o CMakeFiles/cmTC_a124e.dir/CheckSymbolExists.c.o -c /Users/ignacioestrada/game_design/skipclass_studios/build/android/PolarPairs/app/.cxx/Debug/1y5j1lf6/x86/CMakeFiles/CMakeTmp/CheckSymbolExists.c
/Users/ignacioestrada/game_design/skipclass_studios/build/android/PolarPairs/app/.cxx/Debug/1y5j1lf6/x86/CMakeFiles/CMakeTmp/CheckSymbolExists.c:14:19: error: use of undeclared identifier '_i64toa'
  return ((int*)(&_i64toa))[argc];
                  ^
1 error generated.
ninja: build stopped: subcommand failed.


File /Users/ignacioestrada/game_design/skipclass_studios/build/android/PolarPairs/app/.cxx/Debug/1y5j1lf6/x86/CMakeFiles/CMakeTmp/CheckSymbolExists.c:
/* */
#include <stddef.h>
#include <stdarg.h>
#include <stdlib.h>
#include <string.h>
#include <stdio.h>
#include <wchar.h>
#include <float.h>

int main(int argc, char** argv)
{
  (void)argv;
#ifndef _i64toa
  return ((int*)(&_i64toa))[argc];
#else
  (void)argc;
  return 0;
#endif
}
Determining if the _ui64toa exist failed with the following output:
Change Dir: /Users/ignacioestrada/game_design/skipclass_studios/build/android/PolarPairs/app/.cxx/Debug/1y5j1lf6/x86/CMakeFiles/CMakeTmp

Run Build Command(s):/Users/ignacioestrada/Library/Android/sdk/cmake/3.22.1/bin/ninja cmTC_870c8 && [1/2] Building C object CMakeFiles/cmTC_870c8.dir/CheckSymbolExists.c.o
FAILED: CMakeFiles/cmTC_870c8.dir/CheckSymbolExists.c.o 
/Users/ignacioestrada/Library/Android/sdk/ndk/25.1.8937393/toolchains/llvm/prebuilt/darwin-x86_64/bin/clang --target=i686-none-linux-android26 --sysroot=/Users/ignacioestrada/Library/Android/sdk/ndk/25.1.8937393/toolchains/llvm/prebuilt/darwin-x86_64/sysroot   -g -DANDROID -fdata-sections -ffunction-sections -funwind-tables -fstack-protector-strong -no-canonical-prefixes -D_FORTIFY_SOURCE=2 -Wformat -Werror=format-security  -idirafter "/Users/ignacioestrada/game_design/cugl/sdlapp/buildfiles/cmake/../../src/video/khronos"  -D_GNU_SOURCE=1 -fPIE -MD -MT CMakeFiles/cmTC_870c8.dir/CheckSymbolExists.c.o -MF CMakeFiles/cmTC_870c8.dir/CheckSymbolExists.c.o.d -o CMakeFiles/cmTC_870c8.dir/CheckSymbolExists.c.o -c /Users/ignacioestrada/game_design/skipclass_studios/build/android/PolarPairs/app/.cxx/Debug/1y5j1lf6/x86/CMakeFiles/CMakeTmp/CheckSymbolExists.c
/Users/ignacioestrada/game_design/skipclass_studios/build/android/PolarPairs/app/.cxx/Debug/1y5j1lf6/x86/CMakeFiles/CMakeTmp/CheckSymbolExists.c:14:19: error: use of undeclared identifier '_ui64toa'
  return ((int*)(&_ui64toa))[argc];
                  ^
1 error generated.
ninja: build stopped: subcommand failed.


File /Users/ignacioestrada/game_design/skipclass_studios/build/android/PolarPairs/app/.cxx/Debug/1y5j1lf6/x86/CMakeFiles/CMakeTmp/CheckSymbolExists.c:
/* */
#include <stddef.h>
#include <stdarg.h>
#include <stdlib.h>
#include <string.h>
#include <stdio.h>
#include <wchar.h>
#include <float.h>

int main(int argc, char** argv)
{
  (void)argv;
#ifndef _ui64toa
  return ((int*)(&_ui64toa))[argc];
#else
  (void)argc;
  return 0;
#endif
}
Determining if the _stricmp exist failed with the following output:
Change Dir: /Users/ignacioestrada/game_design/skipclass_studios/build/android/PolarPairs/app/.cxx/Debug/1y5j1lf6/x86/CMakeFiles/CMakeTmp

Run Build Command(s):/Users/ignacioestrada/Library/Android/sdk/cmake/3.22.1/bin/ninja cmTC_9f94e && [1/2] Building C object CMakeFiles/cmTC_9f94e.dir/CheckSymbolExists.c.o
FAILED: CMakeFiles/cmTC_9f94e.dir/CheckSymbolExists.c.o 
/Users/ignacioestrada/Library/Android/sdk/ndk/25.1.8937393/toolchains/llvm/prebuilt/darwin-x86_64/bin/clang --target=i686-none-linux-android26 --sysroot=/Users/ignacioestrada/Library/Android/sdk/ndk/25.1.8937393/toolchains/llvm/prebuilt/darwin-x86_64/sysroot   -g -DANDROID -fdata-sections -ffunction-sections -funwind-tables -fstack-protector-strong -no-canonical-prefixes -D_FORTIFY_SOURCE=2 -Wformat -Werror=format-security  -idirafter "/Users/ignacioestrada/game_design/cugl/sdlapp/buildfiles/cmake/../../src/video/khronos"  -D_GNU_SOURCE=1 -fPIE -MD -MT CMakeFiles/cmTC_9f94e.dir/CheckSymbolExists.c.o -MF CMakeFiles/cmTC_9f94e.dir/CheckSymbolExists.c.o.d -o CMakeFiles/cmTC_9f94e.dir/CheckSymbolExists.c.o -c /Users/ignacioestrada/game_design/skipclass_studios/build/android/PolarPairs/app/.cxx/Debug/1y5j1lf6/x86/CMakeFiles/CMakeTmp/CheckSymbolExists.c
/Users/ignacioestrada/game_design/skipclass_studios/build/android/PolarPairs/app/.cxx/Debug/1y5j1lf6/x86/CMakeFiles/CMakeTmp/CheckSymbolExists.c:14:19: error: use of undeclared identifier '_stricmp'
  return ((int*)(&_stricmp))[argc];
                  ^
1 error generated.
ninja: build stopped: subcommand failed.


File /Users/ignacioestrada/game_design/skipclass_studios/build/android/PolarPairs/app/.cxx/Debug/1y5j1lf6/x86/CMakeFiles/CMakeTmp/CheckSymbolExists.c:
/* */
#include <stddef.h>
#include <stdarg.h>
#include <stdlib.h>
#include <string.h>
#include <stdio.h>
#include <wchar.h>
#include <float.h>

int main(int argc, char** argv)
{
  (void)argv;
#ifndef _stricmp
  return ((int*)(&_stricmp))[argc];
#else
  (void)argc;
  return 0;
#endif
}
Determining if the _strnicmp exist failed with the following output:
Change Dir: /Users/ignacioestrada/game_design/skipclass_studios/build/android/PolarPairs/app/.cxx/Debug/1y5j1lf6/x86/CMakeFiles/CMakeTmp

Run Build Command(s):/Users/ignacioestrada/Library/Android/sdk/cmake/3.22.1/bin/ninja cmTC_5b835 && [1/2] Building C object CMakeFiles/cmTC_5b835.dir/CheckSymbolExists.c.o
FAILED: CMakeFiles/cmTC_5b835.dir/CheckSymbolExists.c.o 
/Users/ignacioestrada/Library/Android/sdk/ndk/25.1.8937393/toolchains/llvm/prebuilt/darwin-x86_64/bin/clang --target=i686-none-linux-android26 --sysroot=/Users/ignacioestrada/Library/Android/sdk/ndk/25.1.8937393/toolchains/llvm/prebuilt/darwin-x86_64/sysroot   -g -DANDROID -fdata-sections -ffunction-sections -funwind-tables -fstack-protector-strong -no-canonical-prefixes -D_FORTIFY_SOURCE=2 -Wformat -Werror=format-security  -idirafter "/Users/ignacioestrada/game_design/cugl/sdlapp/buildfiles/cmake/../../src/video/khronos"  -D_GNU_SOURCE=1 -fPIE -MD -MT CMakeFiles/cmTC_5b835.dir/CheckSymbolExists.c.o -MF CMakeFiles/cmTC_5b835.dir/CheckSymbolExists.c.o.d -o CMakeFiles/cmTC_5b835.dir/CheckSymbolExists.c.o -c /Users/ignacioestrada/game_design/skipclass_studios/build/android/PolarPairs/app/.cxx/Debug/1y5j1lf6/x86/CMakeFiles/CMakeTmp/CheckSymbolExists.c
/Users/ignacioestrada/game_design/skipclass_studios/build/android/PolarPairs/app/.cxx/Debug/1y5j1lf6/x86/CMakeFiles/CMakeTmp/CheckSymbolExists.c:14:19: error: use of undeclared identifier '_strnicmp'; did you mean 'strncmp'?
  return ((int*)(&_strnicmp))[argc];
                  ^~~~~~~~~
                  strncmp
/Users/ignacioestrada/Library/Android/sdk/ndk/25.1.8937393/toolchains/llvm/prebuilt/darwin-x86_64/sysroot/usr/include/string.h:137:5: note: 'strncmp' declared here
int strncmp(const char* __lhs, const char* __rhs, size_t __n) __attribute_pure__;
    ^
1 error generated.
ninja: build stopped: subcommand failed.


File /Users/ignacioestrada/game_design/skipclass_studios/build/android/PolarPairs/app/.cxx/Debug/1y5j1lf6/x86/CMakeFiles/CMakeTmp/CheckSymbolExists.c:
/* */
#include <stddef.h>
#include <stdarg.h>
#include <stdlib.h>
#include <string.h>
#include <stdio.h>
#include <wchar.h>
#include <float.h>

int main(int argc, char** argv)
{
  (void)argv;
#ifndef _strnicmp
  return ((int*)(&_strnicmp))[argc];
#else
  (void)argc;
  return 0;
#endif
}
Determining if the _wcsdup exist failed with the following output:
Change Dir: /Users/ignacioestrada/game_design/skipclass_studios/build/android/PolarPairs/app/.cxx/Debug/1y5j1lf6/x86/CMakeFiles/CMakeTmp

Run Build Command(s):/Users/ignacioestrada/Library/Android/sdk/cmake/3.22.1/bin/ninja cmTC_03e0d && [1/2] Building C object CMakeFiles/cmTC_03e0d.dir/CheckSymbolExists.c.o
FAILED: CMakeFiles/cmTC_03e0d.dir/CheckSymbolExists.c.o 
/Users/ignacioestrada/Library/Android/sdk/ndk/25.1.8937393/toolchains/llvm/prebuilt/darwin-x86_64/bin/clang --target=i686-none-linux-android26 --sysroot=/Users/ignacioestrada/Library/Android/sdk/ndk/25.1.8937393/toolchains/llvm/prebuilt/darwin-x86_64/sysroot   -g -DANDROID -fdata-sections -ffunction-sections -funwind-tables -fstack-protector-strong -no-canonical-prefixes -D_FORTIFY_SOURCE=2 -Wformat -Werror=format-security  -idirafter "/Users/ignacioestrada/game_design/cugl/sdlapp/buildfiles/cmake/../../src/video/khronos"  -D_GNU_SOURCE=1 -fPIE -MD -MT CMakeFiles/cmTC_03e0d.dir/CheckSymbolExists.c.o -MF CMakeFiles/cmTC_03e0d.dir/CheckSymbolExists.c.o.d -o CMakeFiles/cmTC_03e0d.dir/CheckSymbolExists.c.o -c /Users/ignacioestrada/game_design/skipclass_studios/build/android/PolarPairs/app/.cxx/Debug/1y5j1lf6/x86/CMakeFiles/CMakeTmp/CheckSymbolExists.c
/Users/ignacioestrada/game_design/skipclass_studios/build/android/PolarPairs/app/.cxx/Debug/1y5j1lf6/x86/CMakeFiles/CMakeTmp/CheckSymbolExists.c:14:19: error: use of undeclared identifier '_wcsdup'; did you mean 'wcsdup'?
  return ((int*)(&_wcsdup))[argc];
                  ^~~~~~~
                  wcsdup
/Users/ignacioestrada/Library/Android/sdk/ndk/25.1.8937393/toolchains/llvm/prebuilt/darwin-x86_64/sysroot/usr/include/wchar.h:208:10: note: 'wcsdup' declared here
wchar_t* wcsdup(const wchar_t* __s);
         ^
1 error generated.
ninja: build stopped: subcommand failed.


File /Users/ignacioestrada/game_design/skipclass_studios/build/android/PolarPairs/app/.cxx/Debug/1y5j1lf6/x86/CMakeFiles/CMakeTmp/CheckSymbolExists.c:
/* */
#include <stddef.h>
#include <stdarg.h>
#include <stdlib.h>
#include <string.h>
#include <stdio.h>
#include <wchar.h>
#include <float.h>

int main(int argc, char** argv)
{
  (void)argv;
#ifndef _wcsdup
  return ((int*)(&_wcsdup))[argc];
#else
  (void)argc;
  return 0;
#endif
}
Determining if the _wcsicmp exist failed with the following output:
Change Dir: /Users/ignacioestrada/game_design/skipclass_studios/build/android/PolarPairs/app/.cxx/Debug/1y5j1lf6/x86/CMakeFiles/CMakeTmp

Run Build Command(s):/Users/ignacioestrada/Library/Android/sdk/cmake/3.22.1/bin/ninja cmTC_dfb62 && [1/2] Building C object CMakeFiles/cmTC_dfb62.dir/CheckSymbolExists.c.o
FAILED: CMakeFiles/cmTC_dfb62.dir/CheckSymbolExists.c.o 
/Users/ignacioestrada/Library/Android/sdk/ndk/25.1.8937393/toolchains/llvm/prebuilt/darwin-x86_64/bin/clang --target=i686-none-linux-android26 --sysroot=/Users/ignacioestrada/Library/Android/sdk/ndk/25.1.8937393/toolchains/llvm/prebuilt/darwin-x86_64/sysroot   -g -DANDROID -fdata-sections -ffunction-sections -funwind-tables -fstack-protector-strong -no-canonical-prefixes -D_FORTIFY_SOURCE=2 -Wformat -Werror=format-security  -idirafter "/Users/ignacioestrada/game_design/cugl/sdlapp/buildfiles/cmake/../../src/video/khronos"  -D_GNU_SOURCE=1 -fPIE -MD -MT CMakeFiles/cmTC_dfb62.dir/CheckSymbolExists.c.o -MF CMakeFiles/cmTC_dfb62.dir/CheckSymbolExists.c.o.d -o CMakeFiles/cmTC_dfb62.dir/CheckSymbolExists.c.o -c /Users/ignacioestrada/game_design/skipclass_studios/build/android/PolarPairs/app/.cxx/Debug/1y5j1lf6/x86/CMakeFiles/CMakeTmp/CheckSymbolExists.c
/Users/ignacioestrada/game_design/skipclass_studios/build/android/PolarPairs/app/.cxx/Debug/1y5j1lf6/x86/CMakeFiles/CMakeTmp/CheckSymbolExists.c:14:19: error: use of undeclared identifier '_wcsicmp'
  return ((int*)(&_wcsicmp))[argc];
                  ^
1 error generated.
ninja: build stopped: subcommand failed.


File /Users/ignacioestrada/game_design/skipclass_studios/build/android/PolarPairs/app/.cxx/Debug/1y5j1lf6/x86/CMakeFiles/CMakeTmp/CheckSymbolExists.c:
/* */
#include <stddef.h>
#include <stdarg.h>
#include <stdlib.h>
#include <string.h>
#include <stdio.h>
#include <wchar.h>
#include <float.h>

int main(int argc, char** argv)
{
  (void)argv;
#ifndef _wcsicmp
  return ((int*)(&_wcsicmp))[argc];
#else
  (void)argc;
  return 0;
#endif
}
Determining if the _wcsnicmp exist failed with the following output:
Change Dir: /Users/ignacioestrada/game_design/skipclass_studios/build/android/PolarPairs/app/.cxx/Debug/1y5j1lf6/x86/CMakeFiles/CMakeTmp

Run Build Command(s):/Users/ignacioestrada/Library/Android/sdk/cmake/3.22.1/bin/ninja cmTC_f9fcb && [1/2] Building C object CMakeFiles/cmTC_f9fcb.dir/CheckSymbolExists.c.o
FAILED: CMakeFiles/cmTC_f9fcb.dir/CheckSymbolExists.c.o 
/Users/ignacioestrada/Library/Android/sdk/ndk/25.1.8937393/toolchains/llvm/prebuilt/darwin-x86_64/bin/clang --target=i686-none-linux-android26 --sysroot=/Users/ignacioestrada/Library/Android/sdk/ndk/25.1.8937393/toolchains/llvm/prebuilt/darwin-x86_64/sysroot   -g -DANDROID -fdata-sections -ffunction-sections -funwind-tables -fstack-protector-strong -no-canonical-prefixes -D_FORTIFY_SOURCE=2 -Wformat -Werror=format-security  -idirafter "/Users/ignacioestrada/game_design/cugl/sdlapp/buildfiles/cmake/../../src/video/khronos"  -D_GNU_SOURCE=1 -fPIE -MD -MT CMakeFiles/cmTC_f9fcb.dir/CheckSymbolExists.c.o -MF CMakeFiles/cmTC_f9fcb.dir/CheckSymbolExists.c.o.d -o CMakeFiles/cmTC_f9fcb.dir/CheckSymbolExists.c.o -c /Users/ignacioestrada/game_design/skipclass_studios/build/android/PolarPairs/app/.cxx/Debug/1y5j1lf6/x86/CMakeFiles/CMakeTmp/CheckSymbolExists.c
/Users/ignacioestrada/game_design/skipclass_studios/build/android/PolarPairs/app/.cxx/Debug/1y5j1lf6/x86/CMakeFiles/CMakeTmp/CheckSymbolExists.c:14:19: error: use of undeclared identifier '_wcsnicmp'; did you mean 'wcsncmp'?
  return ((int*)(&_wcsnicmp))[argc];
                  ^~~~~~~~~
                  wcsncmp
/Users/ignacioestrada/Library/Android/sdk/ndk/25.1.8937393/toolchains/llvm/prebuilt/darwin-x86_64/sysroot/usr/include/wchar.h:117:5: note: 'wcsncmp' declared here
int wcsncmp(const wchar_t* __lhs, const wchar_t* __rhs, size_t __n);
    ^
1 error generated.
ninja: build stopped: subcommand failed.


File /Users/ignacioestrada/game_design/skipclass_studios/build/android/PolarPairs/app/.cxx/Debug/1y5j1lf6/x86/CMakeFiles/CMakeTmp/CheckSymbolExists.c:
/* */
#include <stddef.h>
#include <stdarg.h>
#include <stdlib.h>
#include <string.h>
#include <stdio.h>
#include <wchar.h>
#include <float.h>

int main(int argc, char** argv)
{
  (void)argv;
#ifndef _wcsnicmp
  return ((int*)(&_wcsnicmp))[argc];
#else
  (void)argc;
  return 0;
#endif
}
Determining if the sysctlbyname exist failed with the following output:
Change Dir: /Users/ignacioestrada/game_design/skipclass_studios/build/android/PolarPairs/app/.cxx/Debug/1y5j1lf6/x86/CMakeFiles/CMakeTmp

Run Build Command(s):/Users/ignacioestrada/Library/Android/sdk/cmake/3.22.1/bin/ninja cmTC_f3546 && [1/2] Building C object CMakeFiles/cmTC_f3546.dir/CheckSymbolExists.c.o
FAILED: CMakeFiles/cmTC_f3546.dir/CheckSymbolExists.c.o 
/Users/ignacioestrada/Library/Android/sdk/ndk/25.1.8937393/toolchains/llvm/prebuilt/darwin-x86_64/bin/clang --target=i686-none-linux-android26 --sysroot=/Users/ignacioestrada/Library/Android/sdk/ndk/25.1.8937393/toolchains/llvm/prebuilt/darwin-x86_64/sysroot   -g -DANDROID -fdata-sections -ffunction-sections -funwind-tables -fstack-protector-strong -no-canonical-prefixes -D_FORTIFY_SOURCE=2 -Wformat -Werror=format-security  -idirafter "/Users/ignacioestrada/game_design/cugl/sdlapp/buildfiles/cmake/../../src/video/khronos"  -D_GNU_SOURCE=1 -fPIE -MD -MT CMakeFiles/cmTC_f3546.dir/CheckSymbolExists.c.o -MF CMakeFiles/cmTC_f3546.dir/CheckSymbolExists.c.o.d -o CMakeFiles/cmTC_f3546.dir/CheckSymbolExists.c.o -c /Users/ignacioestrada/game_design/skipclass_studios/build/android/PolarPairs/app/.cxx/Debug/1y5j1lf6/x86/CMakeFiles/CMakeTmp/CheckSymbolExists.c
/Users/ignacioestrada/game_design/skipclass_studios/build/android/PolarPairs/app/.cxx/Debug/1y5j1lf6/x86/CMakeFiles/CMakeTmp/CheckSymbolExists.c:3:10: fatal error: 'sys/sysctl.h' file not found
#include <sys/sysctl.h>
         ^~~~~~~~~~~~~~
1 error generated.
ninja: build stopped: subcommand failed.


File /Users/ignacioestrada/game_design/skipclass_studios/build/android/PolarPairs/app/.cxx/Debug/1y5j1lf6/x86/CMakeFiles/CMakeTmp/CheckSymbolExists.c:
/* */
#include <sys/types.h>
#include <sys/sysctl.h>

int main(int argc, char** argv)
{
  (void)argv;
#ifndef sysctlbyname
  return ((int*)(&sysctlbyname))[argc];
#else
  (void)argc;
  return 0;
#endif
}
Determining if the elf_aux_info exist failed with the following output:
Change Dir: /Users/ignacioestrada/game_design/skipclass_studios/build/android/PolarPairs/app/.cxx/Debug/1y5j1lf6/x86/CMakeFiles/CMakeTmp

Run Build Command(s):/Users/ignacioestrada/Library/Android/sdk/cmake/3.22.1/bin/ninja cmTC_8e0b2 && [1/2] Building C object CMakeFiles/cmTC_8e0b2.dir/CheckSymbolExists.c.o
FAILED: CMakeFiles/cmTC_8e0b2.dir/CheckSymbolExists.c.o 
/Users/ignacioestrada/Library/Android/sdk/ndk/25.1.8937393/toolchains/llvm/prebuilt/darwin-x86_64/bin/clang --target=i686-none-linux-android26 --sysroot=/Users/ignacioestrada/Library/Android/sdk/ndk/25.1.8937393/toolchains/llvm/prebuilt/darwin-x86_64/sysroot   -g -DANDROID -fdata-sections -ffunction-sections -funwind-tables -fstack-protector-strong -no-canonical-prefixes -D_FORTIFY_SOURCE=2 -Wformat -Werror=format-security  -idirafter "/Users/ignacioestrada/game_design/cugl/sdlapp/buildfiles/cmake/../../src/video/khronos"  -D_GNU_SOURCE=1 -fPIE -MD -MT CMakeFiles/cmTC_8e0b2.dir/CheckSymbolExists.c.o -MF CMakeFiles/cmTC_8e0b2.dir/CheckSymbolExists.c.o.d -o CMakeFiles/cmTC_8e0b2.dir/CheckSymbolExists.c.o -c /Users/ignacioestrada/game_design/skipclass_studios/build/android/PolarPairs/app/.cxx/Debug/1y5j1lf6/x86/CMakeFiles/CMakeTmp/CheckSymbolExists.c
/Users/ignacioestrada/game_design/skipclass_studios/build/android/PolarPairs/app/.cxx/Debug/1y5j1lf6/x86/CMakeFiles/CMakeTmp/CheckSymbolExists.c:8:19: error: use of undeclared identifier 'elf_aux_info'
  return ((int*)(&elf_aux_info))[argc];
                  ^
1 error generated.
ninja: build stopped: subcommand failed.


File /Users/ignacioestrada/game_design/skipclass_studios/build/android/PolarPairs/app/.cxx/Debug/1y5j1lf6/x86/CMakeFiles/CMakeTmp/CheckSymbolExists.c:
/* */
#include <sys/auxv.h>

int main(int argc, char** argv)
{
  (void)argv;
#ifndef elf_aux_info
  return ((int*)(&elf_aux_info))[argc];
#else
  (void)argc;
  return 0;
#endif
}
Determining if the memfd_create exist failed with the following output:
Change Dir: /Users/ignacioestrada/game_design/skipclass_studios/build/android/PolarPairs/app/.cxx/Debug/1y5j1lf6/x86/CMakeFiles/CMakeTmp

Run Build Command(s):/Users/ignacioestrada/Library/Android/sdk/cmake/3.22.1/bin/ninja cmTC_89357 && [1/2] Building C object CMakeFiles/cmTC_89357.dir/CheckSymbolExists.c.o
FAILED: CMakeFiles/cmTC_89357.dir/CheckSymbolExists.c.o 
/Users/ignacioestrada/Library/Android/sdk/ndk/25.1.8937393/toolchains/llvm/prebuilt/darwin-x86_64/bin/clang --target=i686-none-linux-android26 --sysroot=/Users/ignacioestrada/Library/Android/sdk/ndk/25.1.8937393/toolchains/llvm/prebuilt/darwin-x86_64/sysroot   -g -DANDROID -fdata-sections -ffunction-sections -funwind-tables -fstack-protector-strong -no-canonical-prefixes -D_FORTIFY_SOURCE=2 -Wformat -Werror=format-security  -idirafter "/Users/ignacioestrada/game_design/cugl/sdlapp/buildfiles/cmake/../../src/video/khronos"  -D_GNU_SOURCE=1 -fPIE -MD -MT CMakeFiles/cmTC_89357.dir/CheckSymbolExists.c.o -MF CMakeFiles/cmTC_89357.dir/CheckSymbolExists.c.o.d -o CMakeFiles/cmTC_89357.dir/CheckSymbolExists.c.o -c /Users/ignacioestrada/game_design/skipclass_studios/build/android/PolarPairs/app/.cxx/Debug/1y5j1lf6/x86/CMakeFiles/CMakeTmp/CheckSymbolExists.c
/Users/ignacioestrada/game_design/skipclass_studios/build/android/PolarPairs/app/.cxx/Debug/1y5j1lf6/x86/CMakeFiles/CMakeTmp/CheckSymbolExists.c:8:19: error: use of undeclared identifier 'memfd_create'
  return ((int*)(&memfd_create))[argc];
                  ^
1 error generated.
ninja: build stopped: subcommand failed.


File /Users/ignacioestrada/game_design/skipclass_studios/build/android/PolarPairs/app/.cxx/Debug/1y5j1lf6/x86/CMakeFiles/CMakeTmp/CheckSymbolExists.c:
/* */
#include <sys/mman.h>

int main(int argc, char** argv)
{
  (void)argv;
#ifndef memfd_create
  return ((int*)(&memfd_create))[argc];
#else
  (void)argc;
  return 0;
#endif
}
Performing C SOURCE FILE Test ICONV_IN_LIBC failed with the following output:
Change Dir: /Users/ignacioestrada/game_design/skipclass_studios/build/android/PolarPairs/app/.cxx/Debug/1y5j1lf6/x86/CMakeFiles/CMakeTmp

Run Build Command(s):/Users/ignacioestrada/Library/Android/sdk/cmake/3.22.1/bin/ninja cmTC_992c3 && [1/2] Building C object CMakeFiles/cmTC_992c3.dir/src.c.o
/Users/ignacioestrada/game_design/skipclass_studios/build/android/PolarPairs/app/.cxx/Debug/1y5j1lf6/x86/CMakeFiles/CMakeTmp/src.c:6:21: warning: implicit declaration of function 'iconv_open' is invalid in C99 [-Wimplicit-function-declaration]
            return !iconv_open(NULL,NULL);
                    ^
1 warning generated.
[2/2] Linking C executable cmTC_992c3
FAILED: cmTC_992c3 
: && /Users/ignacioestrada/Library/Android/sdk/ndk/25.1.8937393/toolchains/llvm/prebuilt/darwin-x86_64/bin/clang --target=i686-none-linux-android26 --sysroot=/Users/ignacioestrada/Library/Android/sdk/ndk/25.1.8937393/toolchains/llvm/prebuilt/darwin-x86_64/sysroot -g -DANDROID -fdata-sections -ffunction-sections -funwind-tables -fstack-protector-strong -no-canonical-prefixes -D_FORTIFY_SOURCE=2 -Wformat -Werror=format-security  -idirafter "/Users/ignacioestrada/game_design/cugl/sdlapp/buildfiles/cmake/../../src/video/khronos"  -D_GNU_SOURCE=1 -static-libstdc++ -Wl,--build-id=sha1 -Wl,--no-rosegment -Wl,--fatal-warnings -Wl,--gc-sections -Wl,--no-undefined -Qunused-arguments -Wl,--gc-sections CMakeFiles/cmTC_992c3.dir/src.c.o -o cmTC_992c3  -latomic -lm && :
ld: error: undefined symbol: iconv_open
>>> referenced by src.c:6
>>>               CMakeFiles/cmTC_992c3.dir/src.c.o:(main)
clang: error: linker command failed with exit code 1 (use -v to see invocation)
ninja: build stopped: subcommand failed.


Source file was:

        #define LIBICONV_PLUG 1 /* in case libiconv header is in include path */
        #include <stddef.h>
        #include <iconv.h>
        int main(int argc, char **argv) {
            return !iconv_open(NULL,NULL);
        }
Performing C SOURCE FILE Test ICONV_IN_LIBICONV failed with the following output:
Change Dir: /Users/ignacioestrada/game_design/skipclass_studios/build/android/PolarPairs/app/.cxx/Debug/1y5j1lf6/x86/CMakeFiles/CMakeTmp

Run Build Command(s):/Users/ignacioestrada/Library/Android/sdk/cmake/3.22.1/bin/ninja cmTC_521d2 && [1/2] Building C object CMakeFiles/cmTC_521d2.dir/src.c.o
/Users/ignacioestrada/game_design/skipclass_studios/build/android/PolarPairs/app/.cxx/Debug/1y5j1lf6/x86/CMakeFiles/CMakeTmp/src.c:5:21: warning: implicit declaration of function 'iconv_open' is invalid in C99 [-Wimplicit-function-declaration]
            return !iconv_open(NULL,NULL);
                    ^
1 warning generated.
[2/2] Linking C executable cmTC_521d2
FAILED: cmTC_521d2 
: && /Users/ignacioestrada/Library/Android/sdk/ndk/25.1.8937393/toolchains/llvm/prebuilt/darwin-x86_64/bin/clang --target=i686-none-linux-android26 --sysroot=/Users/ignacioestrada/Library/Android/sdk/ndk/25.1.8937393/toolchains/llvm/prebuilt/darwin-x86_64/sysroot -g -DANDROID -fdata-sections -ffunction-sections -funwind-tables -fstack-protector-strong -no-canonical-prefixes -D_FORTIFY_SOURCE=2 -Wformat -Werror=format-security  -idirafter "/Users/ignacioestrada/game_design/cugl/sdlapp/buildfiles/cmake/../../src/video/khronos"  -D_GNU_SOURCE=1 -static-libstdc++ -Wl,--build-id=sha1 -Wl,--no-rosegment -Wl,--fatal-warnings -Wl,--gc-sections -Wl,--no-undefined -Qunused-arguments -Wl,--gc-sections CMakeFiles/cmTC_521d2.dir/src.c.o -o cmTC_521d2  -liconv  -latomic -lm && :
ld: error: unable to find library -liconv
clang: error: linker command failed with exit code 1 (use -v to see invocation)
ninja: build stopped: subcommand failed.


Source file was:

        #include <stddef.h>
        #include <iconv.h>
        int main(int argc, char **argv) {
            return !iconv_open(NULL,NULL);
        }
Determining if the alloca exist failed with the following output:
Change Dir: /Users/ignacioestrada/game_design/skipclass_studios/build/android/PolarPairs/app/.cxx/Debug/1y5j1lf6/x86/CMakeFiles/CMakeTmp

Run Build Command(s):/Users/ignacioestrada/Library/Android/sdk/cmake/3.22.1/bin/ninja cmTC_f4ada && [1/2] Building C object CMakeFiles/cmTC_f4ada.dir/CheckSymbolExists.c.o
/Users/ignacioestrada/game_design/skipclass_studios/build/android/PolarPairs/app/.cxx/Debug/1y5j1lf6/x86/CMakeFiles/CMakeTmp/CheckSymbolExists.c:8:19: warning: implicitly declaring library function 'alloca' with type 'void *(unsigned int)' [-Wimplicit-function-declaration]
  return ((int*)(&alloca))[argc];
                  ^
/Users/ignacioestrada/game_design/skipclass_studios/build/android/PolarPairs/app/.cxx/Debug/1y5j1lf6/x86/CMakeFiles/CMakeTmp/CheckSymbolExists.c:8:19: note: include the header <stdlib.h> or explicitly provide a declaration for 'alloca'
1 warning generated.
[2/2] Linking C executable cmTC_f4ada
FAILED: cmTC_f4ada 
: && /Users/ignacioestrada/Library/Android/sdk/ndk/25.1.8937393/toolchains/llvm/prebuilt/darwin-x86_64/bin/clang --target=i686-none-linux-android26 --sysroot=/Users/ignacioestrada/Library/Android/sdk/ndk/25.1.8937393/toolchains/llvm/prebuilt/darwin-x86_64/sysroot -g -DANDROID -fdata-sections -ffunction-sections -funwind-tables -fstack-protector-strong -no-canonical-prefixes -D_FORTIFY_SOURCE=2 -Wformat -Werror=format-security  -idirafter "/Users/ignacioestrada/game_design/cugl/sdlapp/buildfiles/cmake/../../src/video/khronos"  -D_GNU_SOURCE=1 -static-libstdc++ -Wl,--build-id=sha1 -Wl,--no-rosegment -Wl,--fatal-warnings -Wl,--gc-sections -Wl,--no-undefined -Qunused-arguments -Wl,--gc-sections CMakeFiles/cmTC_f4ada.dir/CheckSymbolExists.c.o -o cmTC_f4ada  -latomic -lm && :
ld: error: undefined symbol: alloca
>>> referenced by CheckSymbolExists.c:8
>>>               CMakeFiles/cmTC_f4ada.dir/CheckSymbolExists.c.o:(main)
>>> referenced by CheckSymbolExists.c:8
>>>               CMakeFiles/cmTC_f4ada.dir/CheckSymbolExists.c.o:(main)
clang: error: linker command failed with exit code 1 (use -v to see invocation)
ninja: build stopped: subcommand failed.


File /Users/ignacioestrada/game_design/skipclass_studios/build/android/PolarPairs/app/.cxx/Debug/1y5j1lf6/x86/CMakeFiles/CMakeTmp/CheckSymbolExists.c:
/* */
#include <malloc.h>

int main(int argc, char** argv)
{
  (void)argv;
#ifndef alloca
  return ((int*)(&alloca))[argc];
#else
  (void)argc;
  return 0;
#endif
}
Performing C SOURCE FILE Test HAVE_ARM_MODE failed with the following output:
Change Dir: /Users/ignacioestrada/game_design/skipclass_studios/build/android/PolarPairs/app/.cxx/Debug/1y5j1lf6/x86/CMakeFiles/CMakeTmp

Run Build Command(s):/Users/ignacioestrada/Library/Android/sdk/cmake/3.22.1/bin/ninja cmTC_1e13d && [1/2] Building C object CMakeFiles/cmTC_1e13d.dir/src.c.o
FAILED: CMakeFiles/cmTC_1e13d.dir/src.c.o 
/Users/ignacioestrada/Library/Android/sdk/ndk/25.1.8937393/toolchains/llvm/prebuilt/darwin-x86_64/bin/clang --target=i686-none-linux-android26 --sysroot=/Users/ignacioestrada/Library/Android/sdk/ndk/25.1.8937393/toolchains/llvm/prebuilt/darwin-x86_64/sysroot -DHAVE_ARM_MODE  -g -DANDROID -fdata-sections -ffunction-sections -funwind-tables -fstack-protector-strong -no-canonical-prefixes -D_FORTIFY_SOURCE=2 -Wformat -Werror=format-security  -idirafter "/Users/ignacioestrada/game_design/cugl/sdlapp/buildfiles/cmake/../../src/video/khronos" -Werror=unused-command-line-argument -fPIE   -marm -MD -MT CMakeFiles/cmTC_1e13d.dir/src.c.o -MF CMakeFiles/cmTC_1e13d.dir/src.c.o.d -o CMakeFiles/cmTC_1e13d.dir/src.c.o -c /Users/ignacioestrada/game_design/skipclass_studios/build/android/PolarPairs/app/.cxx/Debug/1y5j1lf6/x86/CMakeFiles/CMakeTmp/src.c
clang: error: argument unused during compilation: '-marm' [-Werror,-Wunused-command-line-argument]
ninja: build stopped: subcommand failed.


Source file was:
int main(void) { return 0; }
Determining if files pthread_np.h exist failed with the following output:
Change Dir: /Users/ignacioestrada/game_design/skipclass_studios/build/android/PolarPairs/app/.cxx/Debug/1y5j1lf6/x86/CMakeFiles/CMakeTmp

Run Build Command(s):/Users/ignacioestrada/Library/Android/sdk/cmake/3.22.1/bin/ninja cmTC_3334f && [1/2] Building C object CMakeFiles/cmTC_3334f.dir/HAVE_PTHREAD_NP_H.c.o
FAILED: CMakeFiles/cmTC_3334f.dir/HAVE_PTHREAD_NP_H.c.o 
/Users/ignacioestrada/Library/Android/sdk/ndk/25.1.8937393/toolchains/llvm/prebuilt/darwin-x86_64/bin/clang --target=i686-none-linux-android26 --sysroot=/Users/ignacioestrada/Library/Android/sdk/ndk/25.1.8937393/toolchains/llvm/prebuilt/darwin-x86_64/sysroot   -g -DANDROID -fdata-sections -ffunction-sections -funwind-tables -fstack-protector-strong -no-canonical-prefixes -D_FORTIFY_SOURCE=2 -Wformat -Werror=format-security  -idirafter "/Users/ignacioestrada/game_design/cugl/sdlapp/buildfiles/cmake/../../src/video/khronos"  -D_GNU_SOURCE=1 -fPIE -MD -MT CMakeFiles/cmTC_3334f.dir/HAVE_PTHREAD_NP_H.c.o -MF CMakeFiles/cmTC_3334f.dir/HAVE_PTHREAD_NP_H.c.o.d -o CMakeFiles/cmTC_3334f.dir/HAVE_PTHREAD_NP_H.c.o -c /Users/ignacioestrada/game_design/skipclass_studios/build/android/PolarPairs/app/.cxx/Debug/1y5j1lf6/x86/CMakeFiles/CheckIncludeFiles/HAVE_PTHREAD_NP_H.c
/Users/ignacioestrada/game_design/skipclass_studios/build/android/PolarPairs/app/.cxx/Debug/1y5j1lf6/x86/CMakeFiles/CheckIncludeFiles/HAVE_PTHREAD_NP_H.c:2:10: fatal error: 'pthread_np.h' file not found
#include <pthread_np.h>
         ^~~~~~~~~~~~~~
1 error generated.
ninja: build stopped: subcommand failed.


Source:
/* */
#include <pthread_np.h>


int main(void){return 0;}

Determining if the function FT_Get_Var_Blend_Coordinates exists failed with the following output:
Change Dir: /Users/ignacioestrada/game_design/skipclass_studios/build/android/PolarPairs/app/.cxx/Debug/1y5j1lf6/x86/CMakeFiles/CMakeTmp

Run Build Command(s):/Users/ignacioestrada/Library/Android/sdk/cmake/3.22.1/bin/ninja cmTC_08f02 && [1/2] Building C object CMakeFiles/cmTC_08f02.dir/CheckFunctionExists.c.o
[2/2] Linking C executable cmTC_08f02
FAILED: cmTC_08f02 
: && /Users/ignacioestrada/Library/Android/sdk/ndk/25.1.8937393/toolchains/llvm/prebuilt/darwin-x86_64/bin/clang --target=i686-none-linux-android26 --sysroot=/Users/ignacioestrada/Library/Android/sdk/ndk/25.1.8937393/toolchains/llvm/prebuilt/darwin-x86_64/sysroot -g -DANDROID -fdata-sections -ffunction-sections -funwind-tables -fstack-protector-strong -no-canonical-prefixes -D_FORTIFY_SOURCE=2 -Wformat -Werror=format-security  -DCHECK_FUNCTION_EXISTS=FT_Get_Var_Blend_Coordinates -static-libstdc++ -Wl,--build-id=sha1 -Wl,--no-rosegment -Wl,--fatal-warnings -Wl,--gc-sections -Wl,--no-undefined -Qunused-arguments -Wl,--gc-sections CMakeFiles/cmTC_08f02.dir/CheckFunctionExists.c.o -o cmTC_08f02  -lm  -latomic -lm && :
ld: error: undefined symbol: FT_Get_Var_Blend_Coordinates
>>> referenced by CheckFunctionExists.c:17 (/Users/ignacioestrada/Library/Android/sdk/cmake/3.22.1/share/cmake-3.22/Modules/CheckFunctionExists.c:17)
>>>               CMakeFiles/cmTC_08f02.dir/CheckFunctionExists.c.o:(main)
clang: error: linker command failed with exit code 1 (use -v to see invocation)
ninja: build stopped: subcommand failed.



Determining if the function FT_Set_Var_Blend_Coordinates exists failed with the following output:
Change Dir: /Users/ignacioestrada/game_design/skipclass_studios/build/android/PolarPairs/app/.cxx/Debug/1y5j1lf6/x86/CMakeFiles/CMakeTmp

Run Build Command(s):/Users/ignacioestrada/Library/Android/sdk/cmake/3.22.1/bin/ninja cmTC_51fe8 && [1/2] Building C object CMakeFiles/cmTC_51fe8.dir/CheckFunctionExists.c.o
[2/2] Linking C executable cmTC_51fe8
FAILED: cmTC_51fe8 
: && /Users/ignacioestrada/Library/Android/sdk/ndk/25.1.8937393/toolchains/llvm/prebuilt/darwin-x86_64/bin/clang --target=i686-none-linux-android26 --sysroot=/Users/ignacioestrada/Library/Android/sdk/ndk/25.1.8937393/toolchains/llvm/prebuilt/darwin-x86_64/sysroot -g -DANDROID -fdata-sections -ffunction-sections -funwind-tables -fstack-protector-strong -no-canonical-prefixes -D_FORTIFY_SOURCE=2 -Wformat -Werror=format-security  -DCHECK_FUNCTION_EXISTS=FT_Set_Var_Blend_Coordinates -static-libstdc++ -Wl,--build-id=sha1 -Wl,--no-rosegment -Wl,--fatal-warnings -Wl,--gc-sections -Wl,--no-undefined -Qunused-arguments -Wl,--gc-sections CMakeFiles/cmTC_51fe8.dir/CheckFunctionExists.c.o -o cmTC_51fe8  -lm  -latomic -lm && :
ld: error: undefined symbol: FT_Set_Var_Blend_Coordinates
>>> referenced by CheckFunctionExists.c:17 (/Users/ignacioestrada/Library/Android/sdk/cmake/3.22.1/share/cmake-3.22/Modules/CheckFunctionExists.c:17)
>>>               CMakeFiles/cmTC_51fe8.dir/CheckFunctionExists.c.o:(main)
clang: error: linker command failed with exit code 1 (use -v to see invocation)
ninja: build stopped: subcommand failed.



Determining if the function FT_Done_MM_Var exists failed with the following output:
Change Dir: /Users/ignacioestrada/game_design/skipclass_studios/build/android/PolarPairs/app/.cxx/Debug/1y5j1lf6/x86/CMakeFiles/CMakeTmp

Run Build Command(s):/Users/ignacioestrada/Library/Android/sdk/cmake/3.22.1/bin/ninja cmTC_23c46 && [1/2] Building C object CMakeFiles/cmTC_23c46.dir/CheckFunctionExists.c.o
[2/2] Linking C executable cmTC_23c46
FAILED: cmTC_23c46 
: && /Users/ignacioestrada/Library/Android/sdk/ndk/25.1.8937393/toolchains/llvm/prebuilt/darwin-x86_64/bin/clang --target=i686-none-linux-android26 --sysroot=/Users/ignacioestrada/Library/Android/sdk/ndk/25.1.8937393/toolchains/llvm/prebuilt/darwin-x86_64/sysroot -g -DANDROID -fdata-sections -ffunction-sections -funwind-tables -fstack-protector-strong -no-canonical-prefixes -D_FORTIFY_SOURCE=2 -Wformat -Werror=format-security  -DCHECK_FUNCTION_EXISTS=FT_Done_MM_Var -static-libstdc++ -Wl,--build-id=sha1 -Wl,--no-rosegment -Wl,--fatal-warnings -Wl,--gc-sections -Wl,--no-undefined -Qunused-arguments -Wl,--gc-sections CMakeFiles/cmTC_23c46.dir/CheckFunctionExists.c.o -o cmTC_23c46  -lm  -latomic -lm && :
ld: error: undefined symbol: FT_Done_MM_Var
>>> referenced by CheckFunctionExists.c:17 (/Users/ignacioestrada/Library/Android/sdk/cmake/3.22.1/share/cmake-3.22/Modules/CheckFunctionExists.c:17)
>>>               CMakeFiles/cmTC_23c46.dir/CheckFunctionExists.c.o:(main)
clang: error: linker command failed with exit code 1 (use -v to see invocation)
ninja: build stopped: subcommand failed.



Performing C SOURCE FILE Test Iconv_IS_BUILT_IN failed with the following output:
Change Dir: /Users/ignacioestrada/game_design/skipclass_studios/build/android/PolarPairs/app/.cxx/Debug/1y5j1lf6/x86/CMakeFiles/CMakeTmp

Run Build Command(s):/Users/ignacioestrada/Library/Android/sdk/cmake/3.22.1/bin/ninja cmTC_0a037 && [1/2] Building C object CMakeFiles/cmTC_0a037.dir/src.c.o
/Users/ignacioestrada/game_design/skipclass_studios/build/android/PolarPairs/app/.cxx/Debug/1y5j1lf6/x86/CMakeFiles/CMakeTmp/src.c:8:14: warning: implicit declaration of function 'iconv_open' is invalid in C99 [-Wimplicit-function-declaration]
        ic = iconv_open("to", "from");
             ^
/Users/ignacioestrada/game_design/skipclass_studios/build/android/PolarPairs/app/.cxx/Debug/1y5j1lf6/x86/CMakeFiles/CMakeTmp/src.c:8:12: warning: incompatible integer to pointer conversion assigning to 'iconv_t' (aka 'struct __iconv_t *') from 'int' [-Wint-conversion]
        ic = iconv_open("to", "from");
           ^ ~~~~~~~~~~~~~~~~~~~~~~~~
/Users/ignacioestrada/game_design/skipclass_studios/build/android/PolarPairs/app/.cxx/Debug/1y5j1lf6/x86/CMakeFiles/CMakeTmp/src.c:9:9: warning: implicit declaration of function 'iconv' is invalid in C99 [-Wimplicit-function-declaration]
        iconv(ic, &a, &i, &b, &j);
        ^
/Users/ignacioestrada/game_design/skipclass_studios/build/android/PolarPairs/app/.cxx/Debug/1y5j1lf6/x86/CMakeFiles/CMakeTmp/src.c:10:9: warning: implicit declaration of function 'iconv_close' is invalid in C99 [-Wimplicit-function-declaration]
        iconv_close(ic);
        ^
4 warnings generated.
[2/2] Linking C executable cmTC_0a037
FAILED: cmTC_0a037 
: && /Users/ignacioestrada/Library/Android/sdk/ndk/25.1.8937393/toolchains/llvm/prebuilt/darwin-x86_64/bin/clang --target=i686-none-linux-android26 --sysroot=/Users/ignacioestrada/Library/Android/sdk/ndk/25.1.8937393/toolchains/llvm/prebuilt/darwin-x86_64/sysroot -g -DANDROID -fdata-sections -ffunction-sections -funwind-tables -fstack-protector-strong -no-canonical-prefixes -D_FORTIFY_SOURCE=2 -Wformat -Werror=format-security -static-libstdc++ -Wl,--build-id=sha1 -Wl,--no-rosegment -Wl,--fatal-warnings -Wl,--gc-sections -Wl,--no-undefined -Qunused-arguments -Wl,--gc-sections CMakeFiles/cmTC_0a037.dir/src.c.o -o cmTC_0a037  -latomic -lm && :
ld: error: undefined symbol: iconv_open
>>> referenced by src.c:8
>>>               CMakeFiles/cmTC_0a037.dir/src.c.o:(main)

ld: error: undefined symbol: iconv
>>> referenced by src.c:9
>>>               CMakeFiles/cmTC_0a037.dir/src.c.o:(main)

ld: error: undefined symbol: iconv_close
>>> referenced by src.c:10
>>>               CMakeFiles/cmTC_0a037.dir/src.c.o:(main)
clang: error: linker command failed with exit code 1 (use -v to see invocation)
ninja: build stopped: subcommand failed.


Source file was:

      #include <stddef.h>
      #include <iconv.h>
      int main() {
        char *a, *b;
        size_t i, j;
        iconv_t ic;
        ic = iconv_open("to", "from");
        iconv(ic, &a, &i, &b, &j);
        iconv_close(ic);
      }
      
Determining if the include file arm_neon.h exists failed with the following output:
Change Dir: /Users/ignacioestrada/game_design/skipclass_studios/build/android/PolarPairs/app/.cxx/Debug/1y5j1lf6/x86/CMakeFiles/CMakeTmp

Run Build Command(s):/Users/ignacioestrada/Library/Android/sdk/cmake/3.22.1/bin/ninja cmTC_e30f9 && [1/2] Building C object CMakeFiles/cmTC_e30f9.dir/CheckIncludeFile.c.o
FAILED: CMakeFiles/cmTC_e30f9.dir/CheckIncludeFile.c.o 
/Users/ignacioestrada/Library/Android/sdk/ndk/25.1.8937393/toolchains/llvm/prebuilt/darwin-x86_64/bin/clang --target=i686-none-linux-android26 --sysroot=/Users/ignacioestrada/Library/Android/sdk/ndk/25.1.8937393/toolchains/llvm/prebuilt/darwin-x86_64/sysroot   -Wall -Wextra -Wstrict-prototypes -Wmissing-prototypes -Waggregate-return -Wcast-align -Wnested-externs -Wshadow -Wundef -Wmissing-declarations -Winline -g -DANDROID -fdata-sections -ffunction-sections -funwind-tables -fstack-protector-strong -no-canonical-prefixes -D_FORTIFY_SOURCE=2 -Wformat -Werror=format-security   -fPIE -MD -MT CMakeFiles/cmTC_e30f9.dir/CheckIncludeFile.c.o -MF CMakeFiles/cmTC_e30f9.dir/CheckIncludeFile.c.o.d -o CMakeFiles/cmTC_e30f9.dir/CheckIncludeFile.c.o -c /Users/ignacioestrada/game_design/skipclass_studios/build/android/PolarPairs/app/.cxx/Debug/1y5j1lf6/x86/CMakeFiles/CMakeTmp/CheckIncludeFile.c
In file included from /Users/ignacioestrada/game_design/skipclass_studios/build/android/PolarPairs/app/.cxx/Debug/1y5j1lf6/x86/CMakeFiles/CMakeTmp/CheckIncludeFile.c:1:
/Users/ignacioestrada/Library/Android/sdk/ndk/25.1.8937393/toolchains/llvm/prebuilt/darwin-x86_64/lib64/clang/14.0.6/include/arm_neon.h:28:2: error: "NEON intrinsics not available with the soft-float ABI. Please use -mfloat-abi=softfp or -mfloat-abi=hard"
#error "NEON intrinsics not available with the soft-float ABI. Please use -mfloat-abi=softfp or -mfloat-abi=hard"
 ^
1 error generated.
ninja: build stopped: subcommand failed.



Performing C SOURCE FILE Test Intl_IS_BUILT_IN failed with the following output:
Change Dir: /Users/ignacioestrada/game_design/skipclass_studios/build/android/PolarPairs/app/.cxx/Debug/1y5j1lf6/x86/CMakeFiles/CMakeTmp

Run Build Command(s):/Users/ignacioestrada/Library/Android/sdk/cmake/3.22.1/bin/ninja cmTC_7f7e5 && [1/2] Building C object CMakeFiles/cmTC_7f7e5.dir/src.c.o
FAILED: CMakeFiles/cmTC_7f7e5.dir/src.c.o 
/Users/ignacioestrada/Library/Android/sdk/ndk/25.1.8937393/toolchains/llvm/prebuilt/darwin-x86_64/bin/clang --target=i686-none-linux-android26 --sysroot=/Users/ignacioestrada/Library/Android/sdk/ndk/25.1.8937393/toolchains/llvm/prebuilt/darwin-x86_64/sysroot -DIntl_IS_BUILT_IN  -Wall -Wextra -Wstrict-prototypes -Wmissing-prototypes -Waggregate-return -Wcast-align -Wnested-externs -Wshadow -Wundef -Wmissing-declarations -Winline -g -DANDROID -fdata-sections -ffunction-sections -funwind-tables -fstack-protector-strong -no-canonical-prefixes -D_FORTIFY_SOURCE=2 -Wformat -Werror=format-security   -fPIE -MD -MT CMakeFiles/cmTC_7f7e5.dir/src.c.o -MF CMakeFiles/cmTC_7f7e5.dir/src.c.o.d -o CMakeFiles/cmTC_7f7e5.dir/src.c.o -c /Users/ignacioestrada/game_design/skipclass_studios/build/android/PolarPairs/app/.cxx/Debug/1y5j1lf6/x86/CMakeFiles/CMakeTmp/src.c
/Users/ignacioestrada/game_design/skipclass_studios/build/android/PolarPairs/app/.cxx/Debug/1y5j1lf6/x86/CMakeFiles/CMakeTmp/src.c:1:10: fatal error: 'libintl.h' file not found
#include <libintl.h>
         ^~~~~~~~~~~
1 error generated.
ninja: build stopped: subcommand failed.


Source file was:
#include <libintl.h>
int main(void) {
  gettext("");
  dgettext("", "");
  dcgettext("", "", 0);
  return 0;
}

